<?xml version="1.0" encoding="UTF-8"?>
<coverage generated="1744223876987" clover="3.2.0">
  <project timestamp="1744223876987" name="All files">
    <metrics statements="449" coveredstatements="193" conditionals="173" coveredconditionals="28" methods="41" coveredmethods="12" elements="663" coveredelements="233" complexity="0" loc="449" ncloc="449" packages="6" files="17" classes="17"/>
    <package name="src">
      <metrics statements="12" coveredstatements="0" conditionals="6" coveredconditionals="0" methods="1" coveredmethods="0"/>
      <file name="sampledb.js" path="/app/src/sampledb.js">
        <metrics statements="12" coveredstatements="0" conditionals="6" coveredconditionals="0" methods="1" coveredmethods="0"/>
        <line num="1" count="0" type="stmt"/>
        <line num="2" count="0" type="stmt"/>
        <line num="4" count="0" type="stmt"/>
        <line num="5" count="0" type="cond" truecount="0" falsecount="2"/>
        <line num="7" count="0" type="stmt"/>
        <line num="8" count="0" type="cond" truecount="0" falsecount="2"/>
        <line num="12" count="0" type="stmt"/>
        <line num="16" count="0" type="stmt"/>
        <line num="18" count="0" type="stmt"/>
        <line num="19" count="0" type="cond" truecount="0" falsecount="2"/>
        <line num="20" count="0" type="stmt"/>
        <line num="24" count="0" type="stmt"/>
      </file>
    </package>
    <package name="src.config">
      <metrics statements="34" coveredstatements="27" conditionals="6" coveredconditionals="2" methods="5" coveredmethods="4"/>
      <file name="db.js" path="/app/src/config/db.js">
        <metrics statements="13" coveredstatements="10" conditionals="6" coveredconditionals="2" methods="1" coveredmethods="1"/>
        <line num="1" count="2" type="stmt"/>
        <line num="2" count="2" type="stmt"/>
        <line num="4" count="2" type="stmt"/>
        <line num="5" count="2" type="cond" truecount="1" falsecount="1"/>
        <line num="7" count="2" type="stmt"/>
        <line num="8" count="2" type="cond" truecount="1" falsecount="1"/>
        <line num="12" count="2" type="stmt"/>
        <line num="14" count="2" type="stmt"/>
        <line num="19" count="2" type="stmt"/>
        <line num="21" count="0" type="stmt"/>
        <line num="22" count="0" type="cond" truecount="0" falsecount="2"/>
        <line num="23" count="0" type="stmt"/>
        <line num="27" count="2" type="stmt"/>
      </file>
      <file name="emailService.js" path="/app/src/config/emailService.js">
        <metrics statements="18" coveredstatements="14" conditionals="0" coveredconditionals="0" methods="4" coveredmethods="3"/>
        <line num="1" count="1" type="stmt"/>
        <line num="7" count="1" type="stmt"/>
        <line num="8" count="2" type="stmt"/>
        <line num="9" count="2" type="stmt"/>
        <line num="10" count="2" type="stmt"/>
        <line num="11" count="2" type="stmt"/>
        <line num="13" count="0" type="stmt"/>
        <line num="14" count="0" type="stmt"/>
        <line num="28" count="1" type="stmt"/>
        <line num="29" count="1" type="stmt"/>
        <line num="59" count="1" type="stmt"/>
        <line num="72" count="1" type="stmt"/>
        <line num="73" count="1" type="stmt"/>
        <line num="104" count="1" type="stmt"/>
        <line num="114" count="1" type="stmt"/>
        <line num="115" count="0" type="stmt"/>
        <line num="142" count="0" type="stmt"/>
        <line num="146" count="1" type="stmt"/>
      </file>
      <file name="transporter.js" path="/app/src/config/transporter.js">
        <metrics statements="3" coveredstatements="3" conditionals="0" coveredconditionals="0" methods="0" coveredmethods="0"/>
        <line num="1" count="1" type="stmt"/>
        <line num="3" count="1" type="stmt"/>
        <line num="11" count="1" type="stmt"/>
      </file>
    </package>
    <package name="src.controllers">
      <metrics statements="321" coveredstatements="90" conditionals="153" coveredconditionals="21" methods="28" coveredmethods="3"/>
      <file name="authController.js" path="/app/src/controllers/authController.js">
        <metrics statements="46" coveredstatements="36" conditionals="17" coveredconditionals="13" methods="3" coveredmethods="2"/>
        <line num="1" count="2" type="stmt"/>
        <line num="2" count="2" type="stmt"/>
        <line num="3" count="2" type="stmt"/>
        <line num="4" count="2" type="stmt"/>
        <line num="6" count="2" type="stmt"/>
        <line num="7" count="4" type="stmt"/>
        <line num="9" count="4" type="stmt"/>
        <line num="10" count="4" type="stmt"/>
        <line num="12" count="4" type="cond" truecount="4" falsecount="1"/>
        <line num="13" count="0" type="stmt"/>
        <line num="19" count="4" type="cond" truecount="2" falsecount="0"/>
        <line num="20" count="1" type="stmt"/>
        <line num="25" count="3" type="stmt"/>
        <line num="27" count="3" type="stmt"/>
        <line num="28" count="3" type="cond" truecount="2" falsecount="0"/>
        <line num="29" count="1" type="stmt"/>
        <line num="35" count="2" type="stmt"/>
        <line num="36" count="2" type="stmt"/>
        <line num="38" count="2" type="stmt"/>
        <line num="50" count="2" type="stmt"/>
        <line num="51" count="2" type="stmt"/>
        <line num="53" count="2" type="stmt"/>
        <line num="59" count="0" type="stmt"/>
        <line num="67" count="2" type="stmt"/>
        <line num="68" count="1" type="stmt"/>
        <line num="69" count="1" type="stmt"/>
        <line num="71" count="1" type="cond" truecount="3" falsecount="1"/>
        <line num="72" count="0" type="stmt"/>
        <line num="78" count="1" type="stmt"/>
        <line num="79" count="1" type="stmt"/>
        <line num="80" count="1" type="cond" truecount="1" falsecount="1"/>
        <line num="81" count="0" type="stmt"/>
        <line num="87" count="1" type="stmt"/>
        <line num="88" count="1" type="cond" truecount="1" falsecount="1"/>
        <line num="89" count="0" type="stmt"/>
        <line num="95" count="1" type="stmt"/>
        <line num="96" count="1" type="stmt"/>
        <line num="97" count="1" type="stmt"/>
        <line num="103" count="1" type="stmt"/>
        <line num="110" count="0" type="stmt"/>
        <line num="121" count="2" type="stmt"/>
        <line num="122" count="0" type="stmt"/>
        <line num="123" count="0" type="stmt"/>
        <line num="124" count="0" type="stmt"/>
        <line num="130" count="0" type="stmt"/>
        <line num="137" count="2" type="stmt"/>
      </file>
      <file name="contactController.js" path="/app/src/controllers/contactController.js">
        <metrics statements="14" coveredstatements="4" conditionals="5" coveredconditionals="0" methods="1" coveredmethods="0"/>
        <line num="3" count="2" type="stmt"/>
        <line num="7" count="2" type="stmt"/>
        <line num="23" count="2" type="stmt"/>
        <line num="25" count="0" type="stmt"/>
        <line num="28" count="0" type="cond" truecount="0" falsecount="5"/>
        <line num="29" count="0" type="stmt"/>
        <line num="33" count="0" type="stmt"/>
        <line num="48" count="0" type="stmt"/>
        <line num="50" count="0" type="stmt"/>
        <line num="51" count="0" type="stmt"/>
        <line num="52" count="0" type="stmt"/>
        <line num="54" count="0" type="stmt"/>
        <line num="55" count="0" type="stmt"/>
        <line num="59" count="2" type="stmt"/>
      </file>
      <file name="gameController.js" path="/app/src/controllers/gameController.js">
        <metrics statements="44" coveredstatements="26" conditionals="16" coveredconditionals="8" methods="2" coveredmethods="1"/>
        <line num="1" count="2" type="stmt"/>
        <line num="2" count="2" type="stmt"/>
        <line num="3" count="2" type="stmt"/>
        <line num="9" count="2" type="stmt"/>
        <line num="12" count="2" type="stmt"/>
        <line num="13" count="3" type="stmt"/>
        <line num="14" count="3" type="stmt"/>
        <line num="15" count="3" type="stmt"/>
        <line num="16" count="3" type="stmt"/>
        <line num="18" count="3" type="stmt"/>
        <line num="19" count="3" type="stmt"/>
        <line num="21" count="3" type="cond" truecount="3" falsecount="1"/>
        <line num="22" count="0" type="stmt"/>
        <line num="28" count="3" type="stmt"/>
        <line num="29" count="3" type="cond" truecount="1" falsecount="1"/>
        <line num="30" count="0" type="stmt"/>
        <line num="33" count="3" type="stmt"/>
        <line num="34" count="3" type="cond" truecount="4" falsecount="0"/>
        <line num="35" count="2" type="stmt"/>
        <line num="41" count="1" type="stmt"/>
        <line num="48" count="1" type="stmt"/>
        <line num="49" count="1" type="stmt"/>
        <line num="50" count="1" type="stmt"/>
        <line num="52" count="1" type="stmt"/>
        <line num="60" count="1" type="stmt"/>
        <line num="68" count="1" type="stmt"/>
        <line num="74" count="0" type="stmt"/>
        <line num="79" count="2" type="stmt"/>
        <line num="80" count="0" type="stmt"/>
        <line num="98" count="0" type="stmt"/>
        <line num="99" count="0" type="stmt"/>
        <line num="102" count="0" type="cond" truecount="0" falsecount="2"/>
        <line num="103" count="0" type="stmt"/>
        <line num="109" count="0" type="stmt"/>
        <line num="110" count="0" type="cond" truecount="0" falsecount="2"/>
        <line num="111" count="0" type="stmt"/>
        <line num="117" count="0" type="stmt"/>
        <line num="118" count="0" type="cond" truecount="0" falsecount="2"/>
        <line num="119" count="0" type="stmt"/>
        <line num="125" count="0" type="stmt"/>
        <line num="133" count="0" type="stmt"/>
        <line num="140" count="0" type="stmt"/>
        <line num="145" count="0" type="stmt"/>
        <line num="151" count="2" type="stmt"/>
      </file>
      <file name="userController.js" path="/app/src/controllers/userController.js">
        <metrics statements="217" coveredstatements="24" conditionals="115" coveredconditionals="0" methods="22" coveredmethods="0"/>
        <line num="1" count="2" type="stmt"/>
        <line num="2" count="2" type="stmt"/>
        <line num="3" count="2" type="stmt"/>
        <line num="4" count="2" type="stmt"/>
        <line num="5" count="2" type="stmt"/>
        <line num="6" count="2" type="stmt"/>
        <line num="7" count="2" type="stmt"/>
        <line num="11" count="2" type="stmt"/>
        <line num="12" count="0" type="stmt"/>
        <line num="13" count="0" type="stmt"/>
        <line num="15" count="0" type="cond" truecount="0" falsecount="2"/>
        <line num="16" count="0" type="stmt"/>
        <line num="21" count="0" type="stmt"/>
        <line num="27" count="0" type="stmt"/>
        <line num="35" count="2" type="stmt"/>
        <line num="36" count="0" type="stmt"/>
        <line num="37" count="0" type="stmt"/>
        <line num="41" count="0" type="stmt"/>
        <line num="44" count="0" type="stmt"/>
        <line num="45" count="0" type="cond" truecount="0" falsecount="2"/>
        <line num="46" count="0" type="cond" truecount="0" falsecount="2"/>
        <line num="50" count="0" type="cond" truecount="0" falsecount="2"/>
        <line num="51" count="0" type="stmt"/>
        <line num="57" count="0" type="stmt"/>
        <line num="65" count="0" type="cond" truecount="0" falsecount="2"/>
        <line num="66" count="0" type="stmt"/>
        <line num="71" count="0" type="stmt"/>
        <line num="77" count="0" type="stmt"/>
        <line num="79" count="0" type="cond" truecount="0" falsecount="2"/>
        <line num="80" count="0" type="stmt"/>
        <line num="86" count="0" type="stmt"/>
        <line num="94" count="2" type="stmt"/>
        <line num="95" count="0" type="stmt"/>
        <line num="96" count="0" type="stmt"/>
        <line num="97" count="0" type="stmt"/>
        <line num="98" count="0" type="cond" truecount="0" falsecount="2"/>
        <line num="99" count="0" type="stmt"/>
        <line num="104" count="0" type="stmt"/>
        <line num="111" count="0" type="stmt"/>
        <line num="119" count="2" type="stmt"/>
        <line num="120" count="0" type="stmt"/>
        <line num="121" count="0" type="stmt"/>
        <line num="122" count="0" type="cond" truecount="0" falsecount="6"/>
        <line num="123" count="0" type="stmt"/>
        <line num="129" count="0" type="stmt"/>
        <line num="130" count="0" type="cond" truecount="0" falsecount="2"/>
        <line num="131" count="0" type="stmt"/>
        <line num="137" count="0" type="cond" truecount="0" falsecount="2"/>
        <line num="138" count="0" type="stmt"/>
        <line num="144" count="0" type="stmt"/>
        <line num="145" count="0" type="stmt"/>
        <line num="146" count="0" type="stmt"/>
        <line num="148" count="0" type="stmt"/>
        <line num="150" count="0" type="stmt"/>
        <line num="153" count="0" type="stmt"/>
        <line num="159" count="0" type="stmt"/>
        <line num="167" count="2" type="stmt"/>
        <line num="168" count="0" type="stmt"/>
        <line num="169" count="0" type="stmt"/>
        <line num="171" count="0" type="cond" truecount="0" falsecount="5"/>
        <line num="172" count="0" type="stmt"/>
        <line num="179" count="0" type="stmt"/>
        <line num="180" count="0" type="cond" truecount="0" falsecount="2"/>
        <line num="181" count="0" type="stmt"/>
        <line num="188" count="0" type="stmt"/>
        <line num="189" count="0" type="cond" truecount="0" falsecount="2"/>
        <line num="190" count="0" type="stmt"/>
        <line num="197" count="0" type="cond" truecount="0" falsecount="2"/>
        <line num="198" count="0" type="stmt"/>
        <line num="205" count="0" type="cond" truecount="0" falsecount="2"/>
        <line num="206" count="0" type="stmt"/>
        <line num="213" count="0" type="stmt"/>
        <line num="214" count="0" type="stmt"/>
        <line num="217" count="0" type="stmt"/>
        <line num="220" count="0" type="stmt"/>
        <line num="224" count="0" type="stmt"/>
        <line num="230" count="0" type="stmt"/>
        <line num="238" count="2" type="stmt"/>
        <line num="239" count="0" type="stmt"/>
        <line num="240" count="0" type="stmt"/>
        <line num="242" count="0" type="cond" truecount="0" falsecount="2"/>
        <line num="243" count="0" type="stmt"/>
        <line num="249" count="0" type="stmt"/>
        <line num="256" count="0" type="stmt"/>
        <line num="264" count="2" type="stmt"/>
        <line num="265" count="0" type="stmt"/>
        <line num="266" count="0" type="stmt"/>
        <line num="268" count="0" type="cond" truecount="0" falsecount="2"/>
        <line num="269" count="0" type="stmt"/>
        <line num="275" count="0" type="stmt"/>
        <line num="282" count="0" type="stmt"/>
        <line num="290" count="2" type="stmt"/>
        <line num="291" count="0" type="stmt"/>
        <line num="292" count="0" type="stmt"/>
        <line num="293" count="0" type="cond" truecount="0" falsecount="2"/>
        <line num="294" count="0" type="stmt"/>
        <line num="299" count="0" type="stmt"/>
        <line num="306" count="0" type="stmt"/>
        <line num="314" count="2" type="stmt"/>
        <line num="315" count="0" type="stmt"/>
        <line num="317" count="0" type="stmt"/>
        <line num="319" count="0" type="stmt"/>
        <line num="322" count="0" type="stmt"/>
        <line num="323" count="0" type="cond" truecount="0" falsecount="2"/>
        <line num="324" count="0" type="stmt"/>
        <line num="331" count="0" type="cond" truecount="0" falsecount="2"/>
        <line num="332" count="0" type="stmt"/>
        <line num="339" count="0" type="cond" truecount="0" falsecount="2"/>
        <line num="340" count="0" type="cond" truecount="0" falsecount="2"/>
        <line num="341" count="0" type="stmt"/>
        <line num="349" count="0" type="stmt"/>
        <line num="350" count="0" type="cond" truecount="0" falsecount="2"/>
        <line num="351" count="0" type="cond" truecount="0" falsecount="2"/>
        <line num="352" count="0" type="cond" truecount="0" falsecount="2"/>
        <line num="353" count="0" type="cond" truecount="0" falsecount="2"/>
        <line num="354" count="0" type="cond" truecount="0" falsecount="2"/>
        <line num="357" count="0" type="cond" truecount="0" falsecount="2"/>
        <line num="358" count="0" type="stmt"/>
        <line num="359" count="0" type="cond" truecount="0" falsecount="2"/>
        <line num="363" count="0" type="stmt"/>
        <line num="371" count="0" type="cond" truecount="0" falsecount="2"/>
        <line num="372" count="0" type="stmt"/>
        <line num="373" count="0" type="stmt"/>
        <line num="377" count="0" type="cond" truecount="0" falsecount="4"/>
        <line num="378" count="0" type="stmt"/>
        <line num="385" count="0" type="cond" truecount="0" falsecount="4"/>
        <line num="386" count="0" type="stmt"/>
        <line num="387" count="0" type="cond" truecount="0" falsecount="2"/>
        <line num="388" count="0" type="stmt"/>
        <line num="393" count="0" type="stmt"/>
        <line num="397" count="0" type="stmt"/>
        <line num="403" count="0" type="stmt"/>
        <line num="409" count="0" type="stmt"/>
        <line num="416" count="2" type="stmt"/>
        <line num="417" count="0" type="stmt"/>
        <line num="419" count="0" type="stmt"/>
        <line num="422" count="0" type="stmt"/>
        <line num="426" count="0" type="cond" truecount="0" falsecount="2"/>
        <line num="430" count="0" type="stmt"/>
        <line num="437" count="0" type="stmt"/>
        <line num="438" count="0" type="cond" truecount="0" falsecount="2"/>
        <line num="439" count="0" type="stmt"/>
        <line num="446" count="0" type="cond" truecount="0" falsecount="2"/>
        <line num="450" count="0" type="stmt"/>
        <line num="455" count="0" type="cond" truecount="0" falsecount="2"/>
        <line num="459" count="0" type="stmt"/>
        <line num="461" count="0" type="stmt"/>
        <line num="467" count="0" type="stmt"/>
        <line num="475" count="2" type="stmt"/>
        <line num="476" count="0" type="stmt"/>
        <line num="477" count="0" type="stmt"/>
        <line num="480" count="0" type="cond" truecount="0" falsecount="2"/>
        <line num="481" count="0" type="stmt"/>
        <line num="488" count="0" type="stmt"/>
        <line num="489" count="0" type="cond" truecount="0" falsecount="2"/>
        <line num="490" count="0" type="stmt"/>
        <line num="497" count="0" type="stmt"/>
        <line num="507" count="0" type="stmt"/>
        <line num="517" count="0" type="stmt"/>
        <line num="523" count="0" type="stmt"/>
        <line num="536" count="0" type="stmt"/>
        <line num="538" count="0" type="stmt"/>
        <line num="543" count="0" type="stmt"/>
        <line num="544" count="0" type="stmt"/>
        <line num="552" count="2" type="stmt"/>
        <line num="553" count="0" type="stmt"/>
        <line num="554" count="0" type="stmt"/>
        <line num="555" count="0" type="stmt"/>
        <line num="557" count="0" type="stmt"/>
        <line num="559" count="0" type="stmt"/>
        <line num="563" count="2" type="stmt"/>
        <line num="564" count="0" type="stmt"/>
        <line num="565" count="0" type="stmt"/>
        <line num="566" count="0" type="stmt"/>
        <line num="568" count="0" type="stmt"/>
        <line num="570" count="0" type="cond" truecount="0" falsecount="2"/>
        <line num="571" count="0" type="stmt"/>
        <line num="572" count="0" type="cond" truecount="0" falsecount="2"/>
        <line num="573" count="0" type="stmt"/>
        <line num="580" count="0" type="stmt"/>
        <line num="581" count="0" type="cond" truecount="0" falsecount="2"/>
        <line num="582" count="0" type="stmt"/>
        <line num="589" count="0" type="stmt"/>
        <line num="595" count="0" type="stmt"/>
        <line num="600" count="0" type="stmt"/>
        <line num="601" count="0" type="cond" truecount="0" falsecount="2"/>
        <line num="602" count="0" type="stmt"/>
        <line num="609" count="0" type="stmt"/>
        <line num="615" count="0" type="stmt"/>
        <line num="619" count="0" type="stmt"/>
        <line num="628" count="2" type="stmt"/>
        <line num="629" count="0" type="stmt"/>
        <line num="631" count="0" type="stmt"/>
        <line num="634" count="0" type="stmt"/>
        <line num="636" count="0" type="cond" truecount="0" falsecount="2"/>
        <line num="637" count="0" type="stmt"/>
        <line num="642" count="0" type="stmt"/>
        <line num="644" count="0" type="stmt"/>
        <line num="645" count="0" type="stmt"/>
        <line num="652" count="2" type="stmt"/>
        <line num="653" count="0" type="stmt"/>
        <line num="654" count="0" type="stmt"/>
        <line num="655" count="0" type="cond" truecount="0" falsecount="2"/>
        <line num="656" count="0" type="stmt"/>
        <line num="660" count="0" type="stmt"/>
        <line num="662" count="0" type="stmt"/>
        <line num="663" count="0" type="stmt"/>
        <line num="670" count="2" type="stmt"/>
        <line num="671" count="0" type="stmt"/>
        <line num="672" count="0" type="stmt"/>
        <line num="676" count="0" type="stmt"/>
        <line num="679" count="0" type="cond" truecount="0" falsecount="4"/>
        <line num="680" count="0" type="stmt"/>
        <line num="688" count="0" type="stmt"/>
        <line num="694" count="0" type="stmt"/>
        <line num="695" count="0" type="stmt"/>
        <line num="703" count="2" type="stmt"/>
      </file>
    </package>
    <package name="src.middlewares">
      <metrics statements="26" coveredstatements="22" conditionals="8" coveredconditionals="5" methods="3" coveredmethods="3"/>
      <file name="authMiddleware.js" path="/app/src/middlewares/authMiddleware.js">
        <metrics statements="20" coveredstatements="17" conditionals="4" coveredconditionals="2" methods="1" coveredmethods="1"/>
        <line num="1" count="2" type="stmt"/>
        <line num="2" count="2" type="stmt"/>
        <line num="4" count="2" type="stmt"/>
        <line num="5" count="3" type="stmt"/>
        <line num="6" count="3" type="stmt"/>
        <line num="7" count="3" type="cond" truecount="1" falsecount="1"/>
        <line num="8" count="0" type="stmt"/>
        <line num="11" count="3" type="stmt"/>
        <line num="12" count="3" type="stmt"/>
        <line num="13" count="3" type="stmt"/>
        <line num="15" count="3" type="stmt"/>
        <line num="16" count="3" type="stmt"/>
        <line num="18" count="3" type="stmt"/>
        <line num="19" count="3" type="stmt"/>
        <line num="21" count="3" type="cond" truecount="1" falsecount="1"/>
        <line num="22" count="0" type="stmt"/>
        <line num="25" count="3" type="stmt"/>
        <line num="26" count="3" type="stmt"/>
        <line num="28" count="0" type="stmt"/>
        <line num="36" count="2" type="stmt"/>
      </file>
      <file name="userTypeMiddleware.js" path="/app/src/middlewares/userTypeMiddleware.js">
        <metrics statements="6" coveredstatements="5" conditionals="4" coveredconditionals="3" methods="2" coveredmethods="2"/>
        <line num="2" count="2" type="stmt"/>
        <line num="3" count="16" type="stmt"/>
        <line num="4" count="3" type="cond" truecount="3" falsecount="1"/>
        <line num="5" count="0" type="stmt"/>
        <line num="10" count="3" type="stmt"/>
        <line num="14" count="2" type="stmt"/>
      </file>
    </package>
    <package name="src.models">
      <metrics statements="15" coveredstatements="13" conditionals="0" coveredconditionals="0" methods="4" coveredmethods="2"/>
      <file name="gainsModel.js" path="/app/src/models/gainsModel.js">
        <metrics statements="4" coveredstatements="4" conditionals="0" coveredconditionals="0" methods="0" coveredmethods="0"/>
        <line num="1" count="2" type="stmt"/>
        <line num="4" count="2" type="stmt"/>
        <line num="29" count="2" type="stmt"/>
        <line num="31" count="2" type="stmt"/>
      </file>
      <file name="usersModel.js" path="/app/src/models/usersModel.js">
        <metrics statements="8" coveredstatements="6" conditionals="0" coveredconditionals="0" methods="4" coveredmethods="2"/>
        <line num="1" count="2" type="stmt"/>
        <line num="3" count="2" type="stmt"/>
        <line num="18" count="3" type="stmt"/>
        <line num="20" count="0" type="stmt"/>
        <line num="42" count="3" type="stmt"/>
        <line num="44" count="0" type="stmt"/>
        <line num="74" count="2" type="stmt"/>
        <line num="76" count="2" type="stmt"/>
      </file>
      <file name="winningTicket.js" path="/app/src/models/winningTicket.js">
        <metrics statements="3" coveredstatements="3" conditionals="0" coveredconditionals="0" methods="0" coveredmethods="0"/>
        <line num="1" count="2" type="stmt"/>
        <line num="3" count="2" type="stmt"/>
        <line num="14" count="2" type="stmt"/>
      </file>
    </package>
    <package name="src.routes">
      <metrics statements="41" coveredstatements="41" conditionals="0" coveredconditionals="0" methods="0" coveredmethods="0"/>
      <file name="authRoute.js" path="/app/src/routes/authRoute.js">
        <metrics statements="8" coveredstatements="8" conditionals="0" coveredconditionals="0" methods="0" coveredmethods="0"/>
        <line num="1" count="2" type="stmt"/>
        <line num="2" count="2" type="stmt"/>
        <line num="3" count="2" type="stmt"/>
        <line num="4" count="2" type="stmt"/>
        <line num="8" count="2" type="stmt"/>
        <line num="11" count="2" type="stmt"/>
        <line num="14" count="2" type="stmt"/>
        <line num="16" count="2" type="stmt"/>
      </file>
      <file name="contactRoute.js" path="/app/src/routes/contactRoute.js">
        <metrics statements="5" coveredstatements="5" conditionals="0" coveredconditionals="0" methods="0" coveredmethods="0"/>
        <line num="3" count="2" type="stmt"/>
        <line num="4" count="2" type="stmt"/>
        <line num="7" count="2" type="stmt"/>
        <line num="10" count="2" type="stmt"/>
        <line num="12" count="2" type="stmt"/>
      </file>
      <file name="gameRoute.js" path="/app/src/routes/gameRoute.js">
        <metrics statements="8" coveredstatements="8" conditionals="0" coveredconditionals="0" methods="0" coveredmethods="0"/>
        <line num="1" count="2" type="stmt"/>
        <line num="2" count="2" type="stmt"/>
        <line num="3" count="2" type="stmt"/>
        <line num="4" count="2" type="stmt"/>
        <line num="5" count="2" type="stmt"/>
        <line num="9" count="2" type="stmt"/>
        <line num="12" count="2" type="stmt"/>
        <line num="16" count="2" type="stmt"/>
      </file>
      <file name="userRoute.js" path="/app/src/routes/userRoute.js">
        <metrics statements="20" coveredstatements="20" conditionals="0" coveredconditionals="0" methods="0" coveredmethods="0"/>
        <line num="1" count="2" type="stmt"/>
        <line num="2" count="2" type="stmt"/>
        <line num="20" count="2" type="stmt"/>
        <line num="21" count="2" type="stmt"/>
        <line num="22" count="2" type="stmt"/>
        <line num="24" count="2" type="stmt"/>
        <line num="27" count="2" type="stmt"/>
        <line num="30" count="2" type="stmt"/>
        <line num="41" count="2" type="stmt"/>
        <line num="44" count="2" type="stmt"/>
        <line num="50" count="2" type="stmt"/>
        <line num="56" count="2" type="stmt"/>
        <line num="64" count="2" type="stmt"/>
        <line num="72" count="2" type="stmt"/>
        <line num="80" count="2" type="stmt"/>
        <line num="87" count="2" type="stmt"/>
        <line num="90" count="2" type="stmt"/>
        <line num="92" count="2" type="stmt"/>
        <line num="93" count="2" type="stmt"/>
        <line num="95" count="2" type="stmt"/>
      </file>
    </package>
  </project>
</coverage>
