{"/app/src/sampledb.js": {"path":"/app/src/sampledb.js","statementMap":{"0":{"start":{"line":1,"column":17},"end":{"line":1,"column":36}},"1":{"start":{"line":2,"column":0},"end":{"line":2,"column":27}},"2":{"start":{"line":4,"column":18},"end":{"line":22,"column":1}},"3":{"start":{"line":5,"column":2},"end":{"line":5,"column":50}},"4":{"start":{"line":5,"column":43},"end":{"line":5,"column":50}},"5":{"start":{"line":7,"column":2},"end":{"line":21,"column":3}},"6":{"start":{"line":8,"column":16},"end":{"line":10,"column":29}},"7":{"start":{"line":12,"column":4},"end":{"line":14,"column":7}},"8":{"start":{"line":16,"column":4},"end":{"line":16,"column":52}},"9":{"start":{"line":18,"column":4},"end":{"line":18,"column":68}},"10":{"start":{"line":19,"column":4},"end":{"line":19,"column":51}},"11":{"start":{"line":19,"column":41},"end":{"line":19,"column":51}},"12":{"start":{"line":20,"column":4},"end":{"line":20,"column":20}},"13":{"start":{"line":24,"column":0},"end":{"line":24,"column":27}}},"fnMap":{"0":{"name":"(anonymous_0)","decl":{"start":{"line":4,"column":18},"end":{"line":4,"column":19}},"loc":{"start":{"line":4,"column":30},"end":{"line":22,"column":1}},"line":4}},"branchMap":{"0":{"loc":{"start":{"line":5,"column":2},"end":{"line":5,"column":50}},"type":"if","locations":[{"start":{"line":5,"column":2},"end":{"line":5,"column":50}},{"start":{},"end":{}}],"line":5},"1":{"loc":{"start":{"line":8,"column":16},"end":{"line":10,"column":29}},"type":"cond-expr","locations":[{"start":{"line":9,"column":8},"end":{"line":9,"column":34}},{"start":{"line":10,"column":8},"end":{"line":10,"column":29}}],"line":8},"2":{"loc":{"start":{"line":19,"column":4},"end":{"line":19,"column":51}},"type":"if","locations":[{"start":{"line":19,"column":4},"end":{"line":19,"column":51}},{"start":{},"end":{}}],"line":19}},"s":{"0":0,"1":0,"2":0,"3":0,"4":0,"5":0,"6":0,"7":0,"8":0,"9":0,"10":0,"11":0,"12":0,"13":0},"f":{"0":0},"b":{"0":[0,0],"1":[0,0],"2":[0,0]}}
,"/app/src/config/db.js": {"path":"/app/src/config/db.js","statementMap":{"0":{"start":{"line":1,"column":17},"end":{"line":1,"column":36}},"1":{"start":{"line":2,"column":0},"end":{"line":2,"column":27}},"2":{"start":{"line":4,"column":18},"end":{"line":25,"column":1}},"3":{"start":{"line":5,"column":2},"end":{"line":5,"column":50}},"4":{"start":{"line":5,"column":43},"end":{"line":5,"column":50}},"5":{"start":{"line":7,"column":2},"end":{"line":24,"column":3}},"6":{"start":{"line":8,"column":16},"end":{"line":10,"column":29}},"7":{"start":{"line":12,"column":4},"end":{"line":12,"column":42}},"8":{"start":{"line":14,"column":4},"end":{"line":17,"column":7}},"9":{"start":{"line":19,"column":4},"end":{"line":19,"column":49}},"10":{"start":{"line":21,"column":4},"end":{"line":21,"column":53}},"11":{"start":{"line":22,"column":4},"end":{"line":22,"column":51}},"12":{"start":{"line":22,"column":41},"end":{"line":22,"column":51}},"13":{"start":{"line":23,"column":4},"end":{"line":23,"column":20}},"14":{"start":{"line":27,"column":0},"end":{"line":27,"column":27}}},"fnMap":{"0":{"name":"(anonymous_0)","decl":{"start":{"line":4,"column":18},"end":{"line":4,"column":19}},"loc":{"start":{"line":4,"column":30},"end":{"line":25,"column":1}},"line":4}},"branchMap":{"0":{"loc":{"start":{"line":5,"column":2},"end":{"line":5,"column":50}},"type":"if","locations":[{"start":{"line":5,"column":2},"end":{"line":5,"column":50}},{"start":{},"end":{}}],"line":5},"1":{"loc":{"start":{"line":8,"column":16},"end":{"line":10,"column":29}},"type":"cond-expr","locations":[{"start":{"line":9,"column":8},"end":{"line":9,"column":34}},{"start":{"line":10,"column":8},"end":{"line":10,"column":29}}],"line":8},"2":{"loc":{"start":{"line":22,"column":4},"end":{"line":22,"column":51}},"type":"if","locations":[{"start":{"line":22,"column":4},"end":{"line":22,"column":51}},{"start":{},"end":{}}],"line":22}},"s":{"0":2,"1":2,"2":2,"3":2,"4":0,"5":2,"6":2,"7":2,"8":2,"9":2,"10":0,"11":0,"12":0,"13":0,"14":2},"f":{"0":2},"b":{"0":[0,2],"1":[2,0],"2":[0,0]},"_coverageSchema":"1a1c01bbd47fc00a2c39e90264f33305004495a9","hash":"cdaffa31225c85cf9134cc74b28c166d8f78787f"}
,"/app/src/config/emailService.js": {"path":"/app/src/config/emailService.js","statementMap":{"0":{"start":{"line":1,"column":20},"end":{"line":1,"column":44}},"1":{"start":{"line":7,"column":18},"end":{"line":16,"column":1}},"2":{"start":{"line":8,"column":2},"end":{"line":15,"column":3}},"3":{"start":{"line":9,"column":17},"end":{"line":9,"column":56}},"4":{"start":{"line":10,"column":4},"end":{"line":10,"column":69}},"5":{"start":{"line":11,"column":4},"end":{"line":11,"column":16}},"6":{"start":{"line":13,"column":4},"end":{"line":13,"column":84}},"7":{"start":{"line":14,"column":4},"end":{"line":14,"column":16}},"8":{"start":{"line":28,"column":30},"end":{"line":60,"column":1}},"9":{"start":{"line":29,"column":22},"end":{"line":57,"column":3}},"10":{"start":{"line":59,"column":2},"end":{"line":59,"column":32}},"11":{"start":{"line":72,"column":31},"end":{"line":105,"column":1}},"12":{"start":{"line":73,"column":22},"end":{"line":102,"column":3}},"13":{"start":{"line":104,"column":2},"end":{"line":104,"column":32}},"14":{"start":{"line":114,"column":25},"end":{"line":143,"column":1}},"15":{"start":{"line":115,"column":22},"end":{"line":140,"column":3}},"16":{"start":{"line":142,"column":2},"end":{"line":142,"column":32}},"17":{"start":{"line":146,"column":0},"end":{"line":150,"column":2}}},"fnMap":{"0":{"name":"(anonymous_0)","decl":{"start":{"line":7,"column":18},"end":{"line":7,"column":19}},"loc":{"start":{"line":7,"column":41},"end":{"line":16,"column":1}},"line":7},"1":{"name":"(anonymous_1)","decl":{"start":{"line":28,"column":30},"end":{"line":28,"column":31}},"loc":{"start":{"line":28,"column":89},"end":{"line":60,"column":1}},"line":28},"2":{"name":"(anonymous_2)","decl":{"start":{"line":72,"column":31},"end":{"line":72,"column":32}},"loc":{"start":{"line":72,"column":90},"end":{"line":105,"column":1}},"line":72},"3":{"name":"(anonymous_3)","decl":{"start":{"line":114,"column":25},"end":{"line":114,"column":26}},"loc":{"start":{"line":114,"column":56},"end":{"line":143,"column":1}},"line":114}},"branchMap":{},"s":{"0":1,"1":1,"2":2,"3":2,"4":2,"5":2,"6":0,"7":0,"8":1,"9":1,"10":1,"11":1,"12":1,"13":1,"14":1,"15":0,"16":0,"17":1},"f":{"0":2,"1":1,"2":1,"3":0},"b":{},"_coverageSchema":"1a1c01bbd47fc00a2c39e90264f33305004495a9","hash":"ecbb95c97449fe0793134bfbe1066fe64ec604a2"}
,"/app/src/config/transporter.js": {"path":"/app/src/config/transporter.js","statementMap":{"0":{"start":{"line":1,"column":19},"end":{"line":1,"column":40}},"1":{"start":{"line":3,"column":20},"end":{"line":9,"column":2}},"2":{"start":{"line":11,"column":0},"end":{"line":11,"column":29}}},"fnMap":{},"branchMap":{},"s":{"0":1,"1":1,"2":1},"f":{},"b":{},"_coverageSchema":"1a1c01bbd47fc00a2c39e90264f33305004495a9","hash":"10a9af7f8fc0256ec72628ccb3bc0504c8f9b7a7"}
,"/app/src/controllers/authController.js": {"path":"/app/src/controllers/authController.js","statementMap":{"0":{"start":{"line":1,"column":18},"end":{"line":1,"column":49}},"1":{"start":{"line":2,"column":15},"end":{"line":2,"column":32}},"2":{"start":{"line":3,"column":12},"end":{"line":3,"column":35}},"3":{"start":{"line":4,"column":29},"end":{"line":4,"column":62}},"4":{"start":{"line":6,"column":31},"end":{"line":65,"column":3}},"5":{"start":{"line":7,"column":26},"end":{"line":7,"column":65}},"6":{"start":{"line":9,"column":4},"end":{"line":64,"column":5}},"7":{"start":{"line":10,"column":100},"end":{"line":10,"column":108}},"8":{"start":{"line":12,"column":6},"end":{"line":17,"column":7}},"9":{"start":{"line":13,"column":8},"end":{"line":16,"column":11}},"10":{"start":{"line":19,"column":6},"end":{"line":24,"column":7}},"11":{"start":{"line":20,"column":8},"end":{"line":23,"column":11}},"12":{"start":{"line":25,"column":30},"end":{"line":25,"column":56}},"13":{"start":{"line":27,"column":27},"end":{"line":27,"column":78}},"14":{"start":{"line":28,"column":6},"end":{"line":33,"column":7}},"15":{"start":{"line":29,"column":8},"end":{"line":32,"column":11}},"16":{"start":{"line":35,"column":19},"end":{"line":35,"column":41}},"17":{"start":{"line":36,"column":29},"end":{"line":36,"column":62}},"18":{"start":{"line":38,"column":19},"end":{"line":48,"column":8}},"19":{"start":{"line":50,"column":6},"end":{"line":50,"column":50}},"20":{"start":{"line":51,"column":6},"end":{"line":51,"column":32}},"21":{"start":{"line":53,"column":6},"end":{"line":57,"column":9}},"22":{"start":{"line":59,"column":6},"end":{"line":63,"column":9}},"23":{"start":{"line":67,"column":30},"end":{"line":116,"column":3}},"24":{"start":{"line":68,"column":4},"end":{"line":115,"column":5}},"25":{"start":{"line":69,"column":34},"end":{"line":69,"column":42}},"26":{"start":{"line":71,"column":6},"end":{"line":76,"column":7}},"27":{"start":{"line":72,"column":8},"end":{"line":75,"column":11}},"28":{"start":{"line":78,"column":30},"end":{"line":78,"column":56}},"29":{"start":{"line":79,"column":19},"end":{"line":79,"column":70}},"30":{"start":{"line":80,"column":6},"end":{"line":85,"column":7}},"31":{"start":{"line":81,"column":8},"end":{"line":84,"column":11}},"32":{"start":{"line":87,"column":22},"end":{"line":87,"column":67}},"33":{"start":{"line":88,"column":6},"end":{"line":93,"column":7}},"34":{"start":{"line":89,"column":8},"end":{"line":92,"column":11}},"35":{"start":{"line":95,"column":20},"end":{"line":95,"column":95}},"36":{"start":{"line":96,"column":6},"end":{"line":96,"column":32}},"37":{"start":{"line":97,"column":6},"end":{"line":101,"column":9}},"38":{"start":{"line":103,"column":6},"end":{"line":108,"column":9}},"39":{"start":{"line":110,"column":6},"end":{"line":114,"column":9}},"40":{"start":{"line":121,"column":25},"end":{"line":136,"column":1}},"41":{"start":{"line":122,"column":4},"end":{"line":135,"column":5}},"42":{"start":{"line":123,"column":8},"end":{"line":123,"column":39}},"43":{"start":{"line":124,"column":8},"end":{"line":127,"column":11}},"44":{"start":{"line":130,"column":8},"end":{"line":134,"column":11}},"45":{"start":{"line":137,"column":0},"end":{"line":137,"column":83}}},"fnMap":{"0":{"name":"(anonymous_0)","decl":{"start":{"line":6,"column":31},"end":{"line":6,"column":32}},"loc":{"start":{"line":6,"column":51},"end":{"line":65,"column":3}},"line":6},"1":{"name":"(anonymous_1)","decl":{"start":{"line":67,"column":30},"end":{"line":67,"column":31}},"loc":{"start":{"line":67,"column":50},"end":{"line":116,"column":3}},"line":67},"2":{"name":"(anonymous_2)","decl":{"start":{"line":121,"column":25},"end":{"line":121,"column":26}},"loc":{"start":{"line":121,"column":45},"end":{"line":136,"column":1}},"line":121}},"branchMap":{"0":{"loc":{"start":{"line":12,"column":6},"end":{"line":17,"column":7}},"type":"if","locations":[{"start":{"line":12,"column":6},"end":{"line":17,"column":7}},{"start":{},"end":{}}],"line":12},"1":{"loc":{"start":{"line":12,"column":10},"end":{"line":12,"column":42}},"type":"binary-expr","locations":[{"start":{"line":12,"column":10},"end":{"line":12,"column":19}},{"start":{"line":12,"column":23},"end":{"line":12,"column":29}},{"start":{"line":12,"column":33},"end":{"line":12,"column":42}}],"line":12},"2":{"loc":{"start":{"line":19,"column":6},"end":{"line":24,"column":7}},"type":"if","locations":[{"start":{"line":19,"column":6},"end":{"line":24,"column":7}},{"start":{},"end":{}}],"line":19},"3":{"loc":{"start":{"line":28,"column":6},"end":{"line":33,"column":7}},"type":"if","locations":[{"start":{"line":28,"column":6},"end":{"line":33,"column":7}},{"start":{},"end":{}}],"line":28},"4":{"loc":{"start":{"line":71,"column":6},"end":{"line":76,"column":7}},"type":"if","locations":[{"start":{"line":71,"column":6},"end":{"line":76,"column":7}},{"start":{},"end":{}}],"line":71},"5":{"loc":{"start":{"line":71,"column":10},"end":{"line":71,"column":29}},"type":"binary-expr","locations":[{"start":{"line":71,"column":10},"end":{"line":71,"column":16}},{"start":{"line":71,"column":20},"end":{"line":71,"column":29}}],"line":71},"6":{"loc":{"start":{"line":80,"column":6},"end":{"line":85,"column":7}},"type":"if","locations":[{"start":{"line":80,"column":6},"end":{"line":85,"column":7}},{"start":{},"end":{}}],"line":80},"7":{"loc":{"start":{"line":88,"column":6},"end":{"line":93,"column":7}},"type":"if","locations":[{"start":{"line":88,"column":6},"end":{"line":93,"column":7}},{"start":{},"end":{}}],"line":88}},"s":{"0":2,"1":2,"2":2,"3":2,"4":2,"5":4,"6":4,"7":4,"8":4,"9":0,"10":4,"11":1,"12":3,"13":3,"14":3,"15":1,"16":2,"17":2,"18":2,"19":2,"20":2,"21":2,"22":0,"23":2,"24":1,"25":1,"26":1,"27":0,"28":1,"29":1,"30":1,"31":0,"32":1,"33":1,"34":0,"35":1,"36":1,"37":1,"38":1,"39":0,"40":2,"41":0,"42":0,"43":0,"44":0,"45":2},"f":{"0":4,"1":1,"2":0},"b":{"0":[0,4],"1":[4,4,4],"2":[1,3],"3":[1,2],"4":[0,1],"5":[1,1],"6":[0,1],"7":[0,1]},"_coverageSchema":"1a1c01bbd47fc00a2c39e90264f33305004495a9","hash":"a0c07bbf10e05ccdf31783a4d03d862130a34581"}
,"/app/src/controllers/contactController.js": {"path":"/app/src/controllers/contactController.js","statementMap":{"0":{"start":{"line":3,"column":19},"end":{"line":3,"column":40}},"1":{"start":{"line":7,"column":20},"end":{"line":13,"column":2}},"2":{"start":{"line":23,"column":25},"end":{"line":57,"column":1}},"3":{"start":{"line":25,"column":41},"end":{"line":25,"column":49}},"4":{"start":{"line":28,"column":2},"end":{"line":30,"column":3}},"5":{"start":{"line":29,"column":4},"end":{"line":29,"column":75}},"6":{"start":{"line":33,"column":22},"end":{"line":46,"column":3}},"7":{"start":{"line":48,"column":2},"end":{"line":56,"column":3}},"8":{"start":{"line":50,"column":17},"end":{"line":50,"column":56}},"9":{"start":{"line":51,"column":4},"end":{"line":51,"column":49}},"10":{"start":{"line":52,"column":4},"end":{"line":52,"column":82}},"11":{"start":{"line":54,"column":4},"end":{"line":54,"column":64}},"12":{"start":{"line":55,"column":4},"end":{"line":55,"column":81}},"13":{"start":{"line":59,"column":0},"end":{"line":59,"column":38}}},"fnMap":{"0":{"name":"(anonymous_0)","decl":{"start":{"line":23,"column":25},"end":{"line":23,"column":26}},"loc":{"start":{"line":23,"column":45},"end":{"line":57,"column":1}},"line":23}},"branchMap":{"0":{"loc":{"start":{"line":28,"column":2},"end":{"line":30,"column":3}},"type":"if","locations":[{"start":{"line":28,"column":2},"end":{"line":30,"column":3}},{"start":{},"end":{}}],"line":28},"1":{"loc":{"start":{"line":28,"column":6},"end":{"line":28,"column":39}},"type":"binary-expr","locations":[{"start":{"line":28,"column":6},"end":{"line":28,"column":10}},{"start":{"line":28,"column":14},"end":{"line":28,"column":27}},{"start":{"line":28,"column":31},"end":{"line":28,"column":39}}],"line":28}},"s":{"0":2,"1":2,"2":2,"3":0,"4":0,"5":0,"6":0,"7":0,"8":0,"9":0,"10":0,"11":0,"12":0,"13":2},"f":{"0":0},"b":{"0":[0,0],"1":[0,0,0]},"_coverageSchema":"1a1c01bbd47fc00a2c39e90264f33305004495a9","hash":"f9225afa6fc741af9a761de4770829c75fd9b56e"}
,"/app/src/controllers/gameController.js": {"path":"/app/src/controllers/gameController.js","statementMap":{"0":{"start":{"line":1,"column":13},"end":{"line":1,"column":44}},"1":{"start":{"line":2,"column":15},"end":{"line":2,"column":49}},"2":{"start":{"line":3,"column":13},"end":{"line":3,"column":44}},"3":{"start":{"line":9,"column":4},"end":{"line":9,"column":37}},"4":{"start":{"line":12,"column":29},"end":{"line":76,"column":1}},"5":{"start":{"line":13,"column":2},"end":{"line":75,"column":3}},"6":{"start":{"line":14,"column":17},"end":{"line":14,"column":25}},"7":{"start":{"line":15,"column":19},"end":{"line":15,"column":27}},"8":{"start":{"line":16,"column":17},"end":{"line":16,"column":27}},"9":{"start":{"line":18,"column":22},"end":{"line":18,"column":54}},"10":{"start":{"line":19,"column":23},"end":{"line":19,"column":55}},"11":{"start":{"line":21,"column":4},"end":{"line":26,"column":5}},"12":{"start":{"line":22,"column":6},"end":{"line":25,"column":9}},"13":{"start":{"line":28,"column":29},"end":{"line":28,"column":37}},"14":{"start":{"line":29,"column":4},"end":{"line":31,"column":5}},"15":{"start":{"line":30,"column":6},"end":{"line":30,"column":92}},"16":{"start":{"line":33,"column":19},"end":{"line":33,"column":57}},"17":{"start":{"line":34,"column":4},"end":{"line":39,"column":5}},"18":{"start":{"line":35,"column":6},"end":{"line":38,"column":9}},"19":{"start":{"line":41,"column":20},"end":{"line":46,"column":6}},"20":{"start":{"line":48,"column":4},"end":{"line":48,"column":25}},"21":{"start":{"line":49,"column":4},"end":{"line":49,"column":25}},"22":{"start":{"line":50,"column":4},"end":{"line":50,"column":24}},"23":{"start":{"line":52,"column":4},"end":{"line":58,"column":7}},"24":{"start":{"line":60,"column":4},"end":{"line":66,"column":7}},"25":{"start":{"line":68,"column":4},"end":{"line":71,"column":7}},"26":{"start":{"line":74,"column":4},"end":{"line":74,"column":84}},"27":{"start":{"line":79,"column":30},"end":{"line":150,"column":1}},"28":{"start":{"line":80,"column":2},"end":{"line":149,"column":3}},"29":{"start":{"line":98,"column":23},"end":{"line":98,"column":35}},"30":{"start":{"line":99,"column":17},"end":{"line":99,"column":27}},"31":{"start":{"line":102,"column":4},"end":{"line":107,"column":5}},"32":{"start":{"line":103,"column":6},"end":{"line":106,"column":9}},"33":{"start":{"line":109,"column":23},"end":{"line":109,"column":71}},"34":{"start":{"line":110,"column":4},"end":{"line":115,"column":5}},"35":{"start":{"line":111,"column":6},"end":{"line":114,"column":9}},"36":{"start":{"line":117,"column":22},"end":{"line":117,"column":63}},"37":{"start":{"line":118,"column":4},"end":{"line":123,"column":5}},"38":{"start":{"line":119,"column":6},"end":{"line":122,"column":9}},"39":{"start":{"line":125,"column":4},"end":{"line":131,"column":7}},"40":{"start":{"line":133,"column":4},"end":{"line":139,"column":7}},"41":{"start":{"line":140,"column":4},"end":{"line":143,"column":7}},"42":{"start":{"line":145,"column":4},"end":{"line":148,"column":7}},"43":{"start":{"line":151,"column":0},"end":{"line":151,"column":65}}},"fnMap":{"0":{"name":"(anonymous_0)","decl":{"start":{"line":12,"column":29},"end":{"line":12,"column":30}},"loc":{"start":{"line":12,"column":49},"end":{"line":76,"column":1}},"line":12},"1":{"name":"(anonymous_1)","decl":{"start":{"line":79,"column":30},"end":{"line":79,"column":31}},"loc":{"start":{"line":79,"column":50},"end":{"line":150,"column":1}},"line":79}},"branchMap":{"0":{"loc":{"start":{"line":21,"column":4},"end":{"line":26,"column":5}},"type":"if","locations":[{"start":{"line":21,"column":4},"end":{"line":26,"column":5}},{"start":{},"end":{}}],"line":21},"1":{"loc":{"start":{"line":21,"column":8},"end":{"line":21,"column":45}},"type":"binary-expr","locations":[{"start":{"line":21,"column":8},"end":{"line":21,"column":24}},{"start":{"line":21,"column":28},"end":{"line":21,"column":45}}],"line":21},"2":{"loc":{"start":{"line":29,"column":4},"end":{"line":31,"column":5}},"type":"if","locations":[{"start":{"line":29,"column":4},"end":{"line":31,"column":5}},{"start":{},"end":{}}],"line":29},"3":{"loc":{"start":{"line":34,"column":4},"end":{"line":39,"column":5}},"type":"if","locations":[{"start":{"line":34,"column":4},"end":{"line":39,"column":5}},{"start":{},"end":{}}],"line":34},"4":{"loc":{"start":{"line":34,"column":8},"end":{"line":34,"column":32}},"type":"binary-expr","locations":[{"start":{"line":34,"column":8},"end":{"line":34,"column":15}},{"start":{"line":34,"column":19},"end":{"line":34,"column":32}}],"line":34},"5":{"loc":{"start":{"line":102,"column":4},"end":{"line":107,"column":5}},"type":"if","locations":[{"start":{"line":102,"column":4},"end":{"line":107,"column":5}},{"start":{},"end":{}}],"line":102},"6":{"loc":{"start":{"line":110,"column":4},"end":{"line":115,"column":5}},"type":"if","locations":[{"start":{"line":110,"column":4},"end":{"line":115,"column":5}},{"start":{},"end":{}}],"line":110},"7":{"loc":{"start":{"line":118,"column":4},"end":{"line":123,"column":5}},"type":"if","locations":[{"start":{"line":118,"column":4},"end":{"line":123,"column":5}},{"start":{},"end":{}}],"line":118}},"s":{"0":2,"1":2,"2":2,"3":2,"4":2,"5":3,"6":3,"7":3,"8":3,"9":3,"10":3,"11":3,"12":0,"13":3,"14":3,"15":0,"16":3,"17":3,"18":2,"19":1,"20":1,"21":1,"22":1,"23":1,"24":1,"25":1,"26":0,"27":2,"28":0,"29":0,"30":0,"31":0,"32":0,"33":0,"34":0,"35":0,"36":0,"37":0,"38":0,"39":0,"40":0,"41":0,"42":0,"43":2},"f":{"0":3,"1":0},"b":{"0":[0,3],"1":[3,3],"2":[0,3],"3":[2,1],"4":[3,2],"5":[0,0],"6":[0,0],"7":[0,0]},"_coverageSchema":"1a1c01bbd47fc00a2c39e90264f33305004495a9","hash":"b5c9bd0ad9e5df88a338e464a3b64522de7436c0"}
,"/app/src/controllers/userController.js": {"path":"/app/src/controllers/userController.js","statementMap":{"0":{"start":{"line":1,"column":18},"end":{"line":1,"column":49}},"1":{"start":{"line":2,"column":18},"end":{"line":2,"column":49}},"2":{"start":{"line":3,"column":27},"end":{"line":3,"column":61}},"3":{"start":{"line":4,"column":15},"end":{"line":4,"column":32}},"4":{"start":{"line":5,"column":19},"end":{"line":5,"column":40}},"5":{"start":{"line":6,"column":12},"end":{"line":6,"column":35}},"6":{"start":{"line":7,"column":13},"end":{"line":7,"column":44}},"7":{"start":{"line":11,"column":33},"end":{"line":33,"column":1}},"8":{"start":{"line":12,"column":2},"end":{"line":32,"column":3}},"9":{"start":{"line":13,"column":17},"end":{"line":13,"column":25}},"10":{"start":{"line":15,"column":4},"end":{"line":20,"column":5}},"11":{"start":{"line":16,"column":6},"end":{"line":19,"column":9}},"12":{"start":{"line":21,"column":4},"end":{"line":25,"column":7}},"13":{"start":{"line":27,"column":4},"end":{"line":31,"column":7}},"14":{"start":{"line":35,"column":32},"end":{"line":92,"column":1}},"15":{"start":{"line":36,"column":2},"end":{"line":91,"column":3}},"16":{"start":{"line":37,"column":19},"end":{"line":37,"column":31}},"17":{"start":{"line":41,"column":8},"end":{"line":41,"column":16}},"18":{"start":{"line":44,"column":20},"end":{"line":44,"column":22}},"19":{"start":{"line":45,"column":4},"end":{"line":45,"column":46}},"20":{"start":{"line":45,"column":18},"end":{"line":45,"column":46}},"21":{"start":{"line":46,"column":4},"end":{"line":46,"column":37}},"22":{"start":{"line":46,"column":15},"end":{"line":46,"column":37}},"23":{"start":{"line":50,"column":4},"end":{"line":54,"column":5}},"24":{"start":{"line":51,"column":6},"end":{"line":53,"column":77}},"25":{"start":{"line":57,"column":24},"end":{"line":63,"column":26}},"26":{"start":{"line":65,"column":4},"end":{"line":69,"column":5}},"27":{"start":{"line":66,"column":6},"end":{"line":68,"column":61}},"28":{"start":{"line":71,"column":4},"end":{"line":75,"column":7}},"29":{"start":{"line":77,"column":4},"end":{"line":77,"column":52}},"30":{"start":{"line":79,"column":4},"end":{"line":85,"column":5}},"31":{"start":{"line":80,"column":6},"end":{"line":84,"column":9}},"32":{"start":{"line":86,"column":4},"end":{"line":90,"column":7}},"33":{"start":{"line":94,"column":29},"end":{"line":117,"column":1}},"34":{"start":{"line":95,"column":2},"end":{"line":116,"column":3}},"35":{"start":{"line":96,"column":17},"end":{"line":96,"column":25}},"36":{"start":{"line":97,"column":18},"end":{"line":97,"column":60}},"37":{"start":{"line":98,"column":4},"end":{"line":103,"column":5}},"38":{"start":{"line":99,"column":6},"end":{"line":102,"column":9}},"39":{"start":{"line":104,"column":4},"end":{"line":109,"column":7}},"40":{"start":{"line":111,"column":4},"end":{"line":115,"column":7}},"41":{"start":{"line":119,"column":32},"end":{"line":165,"column":1}},"42":{"start":{"line":120,"column":2},"end":{"line":164,"column":3}},"43":{"start":{"line":121,"column":60},"end":{"line":121,"column":68}},"44":{"start":{"line":122,"column":4},"end":{"line":127,"column":5}},"45":{"start":{"line":123,"column":6},"end":{"line":126,"column":9}},"46":{"start":{"line":129,"column":17},"end":{"line":129,"column":59}},"47":{"start":{"line":130,"column":4},"end":{"line":135,"column":5}},"48":{"start":{"line":131,"column":6},"end":{"line":134,"column":9}},"49":{"start":{"line":137,"column":4},"end":{"line":142,"column":5}},"50":{"start":{"line":138,"column":6},"end":{"line":141,"column":9}},"51":{"start":{"line":144,"column":15},"end":{"line":144,"column":37}},"52":{"start":{"line":145,"column":27},"end":{"line":145,"column":63}},"53":{"start":{"line":146,"column":4},"end":{"line":146,"column":35}},"54":{"start":{"line":148,"column":4},"end":{"line":148,"column":22}},"55":{"start":{"line":150,"column":18},"end":{"line":152,"column":6}},"56":{"start":{"line":153,"column":4},"end":{"line":157,"column":7}},"57":{"start":{"line":159,"column":4},"end":{"line":163,"column":7}},"58":{"start":{"line":167,"column":33},"end":{"line":236,"column":1}},"59":{"start":{"line":168,"column":2},"end":{"line":235,"column":3}},"60":{"start":{"line":169,"column":58},"end":{"line":169,"column":66}},"61":{"start":{"line":171,"column":4},"end":{"line":176,"column":5}},"62":{"start":{"line":172,"column":6},"end":{"line":175,"column":9}},"63":{"start":{"line":179,"column":17},"end":{"line":179,"column":55}},"64":{"start":{"line":180,"column":4},"end":{"line":185,"column":5}},"65":{"start":{"line":181,"column":6},"end":{"line":184,"column":9}},"66":{"start":{"line":188,"column":20},"end":{"line":188,"column":68}},"67":{"start":{"line":189,"column":4},"end":{"line":194,"column":5}},"68":{"start":{"line":190,"column":6},"end":{"line":193,"column":9}},"69":{"start":{"line":197,"column":4},"end":{"line":202,"column":5}},"70":{"start":{"line":198,"column":6},"end":{"line":201,"column":9}},"71":{"start":{"line":205,"column":4},"end":{"line":210,"column":5}},"72":{"start":{"line":206,"column":6},"end":{"line":209,"column":9}},"73":{"start":{"line":213,"column":17},"end":{"line":213,"column":41}},"74":{"start":{"line":214,"column":4},"end":{"line":214,"column":57}},"75":{"start":{"line":217,"column":4},"end":{"line":217,"column":22}},"76":{"start":{"line":220,"column":18},"end":{"line":222,"column":6}},"77":{"start":{"line":224,"column":4},"end":{"line":228,"column":7}},"78":{"start":{"line":230,"column":4},"end":{"line":234,"column":7}},"79":{"start":{"line":238,"column":30},"end":{"line":262,"column":1}},"80":{"start":{"line":239,"column":2},"end":{"line":261,"column":3}},"81":{"start":{"line":240,"column":18},"end":{"line":240,"column":40}},"82":{"start":{"line":242,"column":4},"end":{"line":247,"column":5}},"83":{"start":{"line":243,"column":6},"end":{"line":246,"column":9}},"84":{"start":{"line":249,"column":4},"end":{"line":254,"column":7}},"85":{"start":{"line":256,"column":4},"end":{"line":260,"column":7}},"86":{"start":{"line":264,"column":32},"end":{"line":288,"column":1}},"87":{"start":{"line":265,"column":2},"end":{"line":287,"column":3}},"88":{"start":{"line":266,"column":20},"end":{"line":266,"column":64}},"89":{"start":{"line":268,"column":4},"end":{"line":273,"column":5}},"90":{"start":{"line":269,"column":6},"end":{"line":272,"column":9}},"91":{"start":{"line":275,"column":4},"end":{"line":280,"column":7}},"92":{"start":{"line":282,"column":4},"end":{"line":286,"column":7}},"93":{"start":{"line":290,"column":34},"end":{"line":312,"column":1}},"94":{"start":{"line":291,"column":2},"end":{"line":311,"column":3}},"95":{"start":{"line":292,"column":22},"end":{"line":292,"column":68}},"96":{"start":{"line":293,"column":4},"end":{"line":298,"column":5}},"97":{"start":{"line":294,"column":6},"end":{"line":297,"column":9}},"98":{"start":{"line":299,"column":4},"end":{"line":304,"column":7}},"99":{"start":{"line":306,"column":4},"end":{"line":310,"column":7}},"100":{"start":{"line":314,"column":29},"end":{"line":415,"column":1}},"101":{"start":{"line":315,"column":2},"end":{"line":414,"column":3}},"102":{"start":{"line":317,"column":25},"end":{"line":317,"column":33}},"103":{"start":{"line":319,"column":6},"end":{"line":319,"column":14}},"104":{"start":{"line":322,"column":25},"end":{"line":322,"column":64}},"105":{"start":{"line":323,"column":4},"end":{"line":328,"column":5}},"106":{"start":{"line":324,"column":6},"end":{"line":327,"column":9}},"107":{"start":{"line":331,"column":4},"end":{"line":336,"column":5}},"108":{"start":{"line":332,"column":6},"end":{"line":335,"column":9}},"109":{"start":{"line":339,"column":4},"end":{"line":346,"column":5}},"110":{"start":{"line":340,"column":6},"end":{"line":345,"column":7}},"111":{"start":{"line":341,"column":8},"end":{"line":344,"column":11}},"112":{"start":{"line":349,"column":20},"end":{"line":349,"column":22}},"113":{"start":{"line":350,"column":4},"end":{"line":350,"column":46}},"114":{"start":{"line":350,"column":18},"end":{"line":350,"column":46}},"115":{"start":{"line":351,"column":4},"end":{"line":351,"column":37}},"116":{"start":{"line":351,"column":15},"end":{"line":351,"column":37}},"117":{"start":{"line":352,"column":4},"end":{"line":352,"column":37}},"118":{"start":{"line":352,"column":15},"end":{"line":352,"column":37}},"119":{"start":{"line":353,"column":4},"end":{"line":353,"column":43}},"120":{"start":{"line":353,"column":17},"end":{"line":353,"column":43}},"121":{"start":{"line":354,"column":4},"end":{"line":354,"column":43}},"122":{"start":{"line":354,"column":17},"end":{"line":354,"column":43}},"123":{"start":{"line":357,"column":4},"end":{"line":368,"column":5}},"124":{"start":{"line":358,"column":27},"end":{"line":358,"column":61}},"125":{"start":{"line":359,"column":6},"end":{"line":367,"column":7}},"126":{"start":{"line":363,"column":8},"end":{"line":366,"column":11}},"127":{"start":{"line":371,"column":4},"end":{"line":374,"column":5}},"128":{"start":{"line":372,"column":19},"end":{"line":372,"column":43}},"129":{"start":{"line":373,"column":6},"end":{"line":373,"column":59}},"130":{"start":{"line":377,"column":4},"end":{"line":382,"column":5}},"131":{"start":{"line":378,"column":6},"end":{"line":381,"column":9}},"132":{"start":{"line":385,"column":4},"end":{"line":394,"column":5}},"133":{"start":{"line":386,"column":29},"end":{"line":386,"column":60}},"134":{"start":{"line":387,"column":6},"end":{"line":392,"column":7}},"135":{"start":{"line":388,"column":8},"end":{"line":391,"column":11}},"136":{"start":{"line":393,"column":6},"end":{"line":393,"column":34}},"137":{"start":{"line":397,"column":24},"end":{"line":401,"column":5}},"138":{"start":{"line":403,"column":4},"end":{"line":407,"column":7}},"139":{"start":{"line":409,"column":4},"end":{"line":413,"column":7}},"140":{"start":{"line":416,"column":29},"end":{"line":473,"column":1}},"141":{"start":{"line":417,"column":2},"end":{"line":472,"column":3}},"142":{"start":{"line":419,"column":25},"end":{"line":419,"column":33}},"143":{"start":{"line":422,"column":27},"end":{"line":422,"column":40}},"144":{"start":{"line":426,"column":4},"end":{"line":434,"column":5}},"145":{"start":{"line":430,"column":6},"end":{"line":433,"column":9}},"146":{"start":{"line":437,"column":25},"end":{"line":437,"column":65}},"147":{"start":{"line":438,"column":4},"end":{"line":443,"column":5}},"148":{"start":{"line":439,"column":6},"end":{"line":442,"column":9}},"149":{"start":{"line":446,"column":4},"end":{"line":454,"column":5}},"150":{"start":{"line":450,"column":6},"end":{"line":453,"column":9}},"151":{"start":{"line":455,"column":4},"end":{"line":465,"column":5}},"152":{"start":{"line":459,"column":6},"end":{"line":459,"column":35}},"153":{"start":{"line":461,"column":6},"end":{"line":464,"column":9}},"154":{"start":{"line":467,"column":4},"end":{"line":471,"column":7}},"155":{"start":{"line":475,"column":33},"end":{"line":550,"column":1}},"156":{"start":{"line":476,"column":2},"end":{"line":549,"column":3}},"157":{"start":{"line":477,"column":22},"end":{"line":477,"column":30}},"158":{"start":{"line":480,"column":4},"end":{"line":485,"column":5}},"159":{"start":{"line":481,"column":6},"end":{"line":484,"column":9}},"160":{"start":{"line":488,"column":17},"end":{"line":488,"column":51}},"161":{"start":{"line":489,"column":4},"end":{"line":494,"column":5}},"162":{"start":{"line":490,"column":6},"end":{"line":493,"column":9}},"163":{"start":{"line":497,"column":23},"end":{"line":499,"column":6}},"164":{"start":{"line":507,"column":24},"end":{"line":513,"column":6}},"165":{"start":{"line":517,"column":21},"end":{"line":520,"column":34}},"166":{"start":{"line":523,"column":24},"end":{"line":533,"column":5}},"167":{"start":{"line":536,"column":4},"end":{"line":536,"column":44}},"168":{"start":{"line":538,"column":4},"end":{"line":541,"column":7}},"169":{"start":{"line":543,"column":4},"end":{"line":543,"column":66}},"170":{"start":{"line":544,"column":4},"end":{"line":548,"column":7}},"171":{"start":{"line":552,"column":21},"end":{"line":561,"column":1}},"172":{"start":{"line":553,"column":15},"end":{"line":553,"column":46}},"173":{"start":{"line":553,"column":37},"end":{"line":553,"column":45}},"174":{"start":{"line":554,"column":17},"end":{"line":554,"column":49}},"175":{"start":{"line":554,"column":39},"end":{"line":554,"column":48}},"176":{"start":{"line":555,"column":2},"end":{"line":560,"column":4}},"177":{"start":{"line":557,"column":51},"end":{"line":557,"column":69}},"178":{"start":{"line":559,"column":55},"end":{"line":559,"column":73}},"179":{"start":{"line":563,"column":35},"end":{"line":625,"column":1}},"180":{"start":{"line":564,"column":2},"end":{"line":624,"column":3}},"181":{"start":{"line":565,"column":27},"end":{"line":565,"column":58}},"182":{"start":{"line":566,"column":18},"end":{"line":566,"column":46}},"183":{"start":{"line":568,"column":22},"end":{"line":568,"column":58}},"184":{"start":{"line":570,"column":4},"end":{"line":598,"column":5}},"185":{"start":{"line":571,"column":19},"end":{"line":571,"column":64}},"186":{"start":{"line":572,"column":6},"end":{"line":578,"column":7}},"187":{"start":{"line":573,"column":8},"end":{"line":577,"column":11}},"188":{"start":{"line":580,"column":24},"end":{"line":580,"column":66}},"189":{"start":{"line":581,"column":6},"end":{"line":587,"column":7}},"190":{"start":{"line":582,"column":8},"end":{"line":586,"column":11}},"191":{"start":{"line":589,"column":6},"end":{"line":597,"column":9}},"192":{"start":{"line":595,"column":42},"end":{"line":595,"column":63}},"193":{"start":{"line":600,"column":18},"end":{"line":600,"column":40}},"194":{"start":{"line":601,"column":4},"end":{"line":607,"column":5}},"195":{"start":{"line":602,"column":6},"end":{"line":606,"column":9}},"196":{"start":{"line":609,"column":4},"end":{"line":617,"column":7}},"197":{"start":{"line":615,"column":36},"end":{"line":615,"column":57}},"198":{"start":{"line":619,"column":4},"end":{"line":623,"column":7}},"199":{"start":{"line":628,"column":29},"end":{"line":649,"column":1}},"200":{"start":{"line":629,"column":2},"end":{"line":648,"column":3}},"201":{"start":{"line":631,"column":19},"end":{"line":631,"column":31}},"202":{"start":{"line":634,"column":17},"end":{"line":634,"column":69}},"203":{"start":{"line":636,"column":4},"end":{"line":640,"column":5}},"204":{"start":{"line":637,"column":6},"end":{"line":639,"column":61}},"205":{"start":{"line":642,"column":4},"end":{"line":642,"column":50}},"206":{"start":{"line":644,"column":4},"end":{"line":644,"column":57}},"207":{"start":{"line":645,"column":4},"end":{"line":647,"column":72}},"208":{"start":{"line":652,"column":30},"end":{"line":667,"column":1}},"209":{"start":{"line":653,"column":2},"end":{"line":666,"column":3}},"210":{"start":{"line":654,"column":17},"end":{"line":654,"column":76}},"211":{"start":{"line":655,"column":4},"end":{"line":659,"column":5}},"212":{"start":{"line":656,"column":6},"end":{"line":658,"column":61}},"213":{"start":{"line":660,"column":4},"end":{"line":660,"column":50}},"214":{"start":{"line":662,"column":4},"end":{"line":662,"column":55}},"215":{"start":{"line":663,"column":4},"end":{"line":665,"column":69}},"216":{"start":{"line":670,"column":29},"end":{"line":701,"column":1}},"217":{"start":{"line":671,"column":2},"end":{"line":700,"column":3}},"218":{"start":{"line":672,"column":19},"end":{"line":672,"column":31}},"219":{"start":{"line":676,"column":18},"end":{"line":676,"column":77}},"220":{"start":{"line":679,"column":4},"end":{"line":685,"column":5}},"221":{"start":{"line":680,"column":6},"end":{"line":684,"column":9}},"222":{"start":{"line":688,"column":4},"end":{"line":692,"column":7}},"223":{"start":{"line":694,"column":4},"end":{"line":694,"column":55}},"224":{"start":{"line":695,"column":4},"end":{"line":699,"column":7}},"225":{"start":{"line":703,"column":0},"end":{"line":719,"column":2}}},"fnMap":{"0":{"name":"(anonymous_0)","decl":{"start":{"line":11,"column":33},"end":{"line":11,"column":34}},"loc":{"start":{"line":11,"column":53},"end":{"line":33,"column":1}},"line":11},"1":{"name":"(anonymous_1)","decl":{"start":{"line":35,"column":32},"end":{"line":35,"column":33}},"loc":{"start":{"line":35,"column":52},"end":{"line":92,"column":1}},"line":35},"2":{"name":"(anonymous_2)","decl":{"start":{"line":94,"column":29},"end":{"line":94,"column":30}},"loc":{"start":{"line":94,"column":49},"end":{"line":117,"column":1}},"line":94},"3":{"name":"(anonymous_3)","decl":{"start":{"line":119,"column":32},"end":{"line":119,"column":33}},"loc":{"start":{"line":119,"column":52},"end":{"line":165,"column":1}},"line":119},"4":{"name":"(anonymous_4)","decl":{"start":{"line":167,"column":33},"end":{"line":167,"column":34}},"loc":{"start":{"line":167,"column":53},"end":{"line":236,"column":1}},"line":167},"5":{"name":"(anonymous_5)","decl":{"start":{"line":238,"column":30},"end":{"line":238,"column":31}},"loc":{"start":{"line":238,"column":50},"end":{"line":262,"column":1}},"line":238},"6":{"name":"(anonymous_6)","decl":{"start":{"line":264,"column":32},"end":{"line":264,"column":33}},"loc":{"start":{"line":264,"column":52},"end":{"line":288,"column":1}},"line":264},"7":{"name":"(anonymous_7)","decl":{"start":{"line":290,"column":34},"end":{"line":290,"column":35}},"loc":{"start":{"line":290,"column":54},"end":{"line":312,"column":1}},"line":290},"8":{"name":"(anonymous_8)","decl":{"start":{"line":314,"column":29},"end":{"line":314,"column":30}},"loc":{"start":{"line":314,"column":49},"end":{"line":415,"column":1}},"line":314},"9":{"name":"(anonymous_9)","decl":{"start":{"line":416,"column":29},"end":{"line":416,"column":30}},"loc":{"start":{"line":416,"column":49},"end":{"line":473,"column":1}},"line":416},"10":{"name":"(anonymous_10)","decl":{"start":{"line":475,"column":33},"end":{"line":475,"column":34}},"loc":{"start":{"line":475,"column":53},"end":{"line":550,"column":1}},"line":475},"11":{"name":"(anonymous_11)","decl":{"start":{"line":552,"column":21},"end":{"line":552,"column":22}},"loc":{"start":{"line":552,"column":34},"end":{"line":561,"column":1}},"line":552},"12":{"name":"(anonymous_12)","decl":{"start":{"line":553,"column":30},"end":{"line":553,"column":31}},"loc":{"start":{"line":553,"column":37},"end":{"line":553,"column":45}},"line":553},"13":{"name":"(anonymous_13)","decl":{"start":{"line":554,"column":32},"end":{"line":554,"column":33}},"loc":{"start":{"line":554,"column":39},"end":{"line":554,"column":48}},"line":554},"14":{"name":"(anonymous_14)","decl":{"start":{"line":557,"column":39},"end":{"line":557,"column":40}},"loc":{"start":{"line":557,"column":51},"end":{"line":557,"column":69}},"line":557},"15":{"name":"(anonymous_15)","decl":{"start":{"line":559,"column":43},"end":{"line":559,"column":44}},"loc":{"start":{"line":559,"column":55},"end":{"line":559,"column":73}},"line":559},"16":{"name":"(anonymous_16)","decl":{"start":{"line":563,"column":35},"end":{"line":563,"column":36}},"loc":{"start":{"line":563,"column":55},"end":{"line":625,"column":1}},"line":563},"17":{"name":"(anonymous_17)","decl":{"start":{"line":595,"column":27},"end":{"line":595,"column":28}},"loc":{"start":{"line":595,"column":42},"end":{"line":595,"column":63}},"line":595},"18":{"name":"(anonymous_18)","decl":{"start":{"line":615,"column":21},"end":{"line":615,"column":22}},"loc":{"start":{"line":615,"column":36},"end":{"line":615,"column":57}},"line":615},"19":{"name":"(anonymous_19)","decl":{"start":{"line":628,"column":29},"end":{"line":628,"column":30}},"loc":{"start":{"line":628,"column":49},"end":{"line":649,"column":1}},"line":628},"20":{"name":"(anonymous_20)","decl":{"start":{"line":652,"column":30},"end":{"line":652,"column":31}},"loc":{"start":{"line":652,"column":50},"end":{"line":667,"column":1}},"line":652},"21":{"name":"(anonymous_21)","decl":{"start":{"line":670,"column":29},"end":{"line":670,"column":30}},"loc":{"start":{"line":670,"column":49},"end":{"line":701,"column":1}},"line":670}},"branchMap":{"0":{"loc":{"start":{"line":15,"column":4},"end":{"line":20,"column":5}},"type":"if","locations":[{"start":{"line":15,"column":4},"end":{"line":20,"column":5}},{"start":{},"end":{}}],"line":15},"1":{"loc":{"start":{"line":45,"column":4},"end":{"line":45,"column":46}},"type":"if","locations":[{"start":{"line":45,"column":4},"end":{"line":45,"column":46}},{"start":{},"end":{}}],"line":45},"2":{"loc":{"start":{"line":46,"column":4},"end":{"line":46,"column":37}},"type":"if","locations":[{"start":{"line":46,"column":4},"end":{"line":46,"column":37}},{"start":{},"end":{}}],"line":46},"3":{"loc":{"start":{"line":50,"column":4},"end":{"line":54,"column":5}},"type":"if","locations":[{"start":{"line":50,"column":4},"end":{"line":54,"column":5}},{"start":{},"end":{}}],"line":50},"4":{"loc":{"start":{"line":65,"column":4},"end":{"line":69,"column":5}},"type":"if","locations":[{"start":{"line":65,"column":4},"end":{"line":69,"column":5}},{"start":{},"end":{}}],"line":65},"5":{"loc":{"start":{"line":79,"column":4},"end":{"line":85,"column":5}},"type":"if","locations":[{"start":{"line":79,"column":4},"end":{"line":85,"column":5}},{"start":{},"end":{}}],"line":79},"6":{"loc":{"start":{"line":98,"column":4},"end":{"line":103,"column":5}},"type":"if","locations":[{"start":{"line":98,"column":4},"end":{"line":103,"column":5}},{"start":{},"end":{}}],"line":98},"7":{"loc":{"start":{"line":122,"column":4},"end":{"line":127,"column":5}},"type":"if","locations":[{"start":{"line":122,"column":4},"end":{"line":127,"column":5}},{"start":{},"end":{}}],"line":122},"8":{"loc":{"start":{"line":122,"column":8},"end":{"line":122,"column":61}},"type":"binary-expr","locations":[{"start":{"line":122,"column":8},"end":{"line":122,"column":14}},{"start":{"line":122,"column":18},"end":{"line":122,"column":25}},{"start":{"line":122,"column":29},"end":{"line":122,"column":41}},{"start":{"line":122,"column":45},"end":{"line":122,"column":61}}],"line":122},"9":{"loc":{"start":{"line":130,"column":4},"end":{"line":135,"column":5}},"type":"if","locations":[{"start":{"line":130,"column":4},"end":{"line":135,"column":5}},{"start":{},"end":{}}],"line":130},"10":{"loc":{"start":{"line":137,"column":4},"end":{"line":142,"column":5}},"type":"if","locations":[{"start":{"line":137,"column":4},"end":{"line":142,"column":5}},{"start":{},"end":{}}],"line":137},"11":{"loc":{"start":{"line":171,"column":4},"end":{"line":176,"column":5}},"type":"if","locations":[{"start":{"line":171,"column":4},"end":{"line":176,"column":5}},{"start":{},"end":{}}],"line":171},"12":{"loc":{"start":{"line":171,"column":8},"end":{"line":171,"column":56}},"type":"binary-expr","locations":[{"start":{"line":171,"column":8},"end":{"line":171,"column":20}},{"start":{"line":171,"column":24},"end":{"line":171,"column":36}},{"start":{"line":171,"column":40},"end":{"line":171,"column":56}}],"line":171},"13":{"loc":{"start":{"line":180,"column":4},"end":{"line":185,"column":5}},"type":"if","locations":[{"start":{"line":180,"column":4},"end":{"line":185,"column":5}},{"start":{},"end":{}}],"line":180},"14":{"loc":{"start":{"line":189,"column":4},"end":{"line":194,"column":5}},"type":"if","locations":[{"start":{"line":189,"column":4},"end":{"line":194,"column":5}},{"start":{},"end":{}}],"line":189},"15":{"loc":{"start":{"line":197,"column":4},"end":{"line":202,"column":5}},"type":"if","locations":[{"start":{"line":197,"column":4},"end":{"line":202,"column":5}},{"start":{},"end":{}}],"line":197},"16":{"loc":{"start":{"line":205,"column":4},"end":{"line":210,"column":5}},"type":"if","locations":[{"start":{"line":205,"column":4},"end":{"line":210,"column":5}},{"start":{},"end":{}}],"line":205},"17":{"loc":{"start":{"line":242,"column":4},"end":{"line":247,"column":5}},"type":"if","locations":[{"start":{"line":242,"column":4},"end":{"line":247,"column":5}},{"start":{},"end":{}}],"line":242},"18":{"loc":{"start":{"line":268,"column":4},"end":{"line":273,"column":5}},"type":"if","locations":[{"start":{"line":268,"column":4},"end":{"line":273,"column":5}},{"start":{},"end":{}}],"line":268},"19":{"loc":{"start":{"line":293,"column":4},"end":{"line":298,"column":5}},"type":"if","locations":[{"start":{"line":293,"column":4},"end":{"line":298,"column":5}},{"start":{},"end":{}}],"line":293},"20":{"loc":{"start":{"line":323,"column":4},"end":{"line":328,"column":5}},"type":"if","locations":[{"start":{"line":323,"column":4},"end":{"line":328,"column":5}},{"start":{},"end":{}}],"line":323},"21":{"loc":{"start":{"line":331,"column":4},"end":{"line":336,"column":5}},"type":"if","locations":[{"start":{"line":331,"column":4},"end":{"line":336,"column":5}},{"start":{},"end":{}}],"line":331},"22":{"loc":{"start":{"line":339,"column":4},"end":{"line":346,"column":5}},"type":"if","locations":[{"start":{"line":339,"column":4},"end":{"line":346,"column":5}},{"start":{},"end":{}}],"line":339},"23":{"loc":{"start":{"line":340,"column":6},"end":{"line":345,"column":7}},"type":"if","locations":[{"start":{"line":340,"column":6},"end":{"line":345,"column":7}},{"start":{},"end":{}}],"line":340},"24":{"loc":{"start":{"line":350,"column":4},"end":{"line":350,"column":46}},"type":"if","locations":[{"start":{"line":350,"column":4},"end":{"line":350,"column":46}},{"start":{},"end":{}}],"line":350},"25":{"loc":{"start":{"line":351,"column":4},"end":{"line":351,"column":37}},"type":"if","locations":[{"start":{"line":351,"column":4},"end":{"line":351,"column":37}},{"start":{},"end":{}}],"line":351},"26":{"loc":{"start":{"line":352,"column":4},"end":{"line":352,"column":37}},"type":"if","locations":[{"start":{"line":352,"column":4},"end":{"line":352,"column":37}},{"start":{},"end":{}}],"line":352},"27":{"loc":{"start":{"line":353,"column":4},"end":{"line":353,"column":43}},"type":"if","locations":[{"start":{"line":353,"column":4},"end":{"line":353,"column":43}},{"start":{},"end":{}}],"line":353},"28":{"loc":{"start":{"line":354,"column":4},"end":{"line":354,"column":43}},"type":"if","locations":[{"start":{"line":354,"column":4},"end":{"line":354,"column":43}},{"start":{},"end":{}}],"line":354},"29":{"loc":{"start":{"line":357,"column":4},"end":{"line":368,"column":5}},"type":"if","locations":[{"start":{"line":357,"column":4},"end":{"line":368,"column":5}},{"start":{},"end":{}}],"line":357},"30":{"loc":{"start":{"line":359,"column":6},"end":{"line":367,"column":7}},"type":"if","locations":[{"start":{"line":359,"column":6},"end":{"line":367,"column":7}},{"start":{},"end":{}}],"line":359},"31":{"loc":{"start":{"line":360,"column":8},"end":{"line":361,"column":67}},"type":"binary-expr","locations":[{"start":{"line":360,"column":8},"end":{"line":360,"column":20}},{"start":{"line":361,"column":8},"end":{"line":361,"column":67}}],"line":360},"32":{"loc":{"start":{"line":371,"column":4},"end":{"line":374,"column":5}},"type":"if","locations":[{"start":{"line":371,"column":4},"end":{"line":374,"column":5}},{"start":{},"end":{}}],"line":371},"33":{"loc":{"start":{"line":377,"column":4},"end":{"line":382,"column":5}},"type":"if","locations":[{"start":{"line":377,"column":4},"end":{"line":382,"column":5}},{"start":{},"end":{}}],"line":377},"34":{"loc":{"start":{"line":377,"column":8},"end":{"line":377,"column":56}},"type":"binary-expr","locations":[{"start":{"line":377,"column":8},"end":{"line":377,"column":44}},{"start":{"line":377,"column":48},"end":{"line":377,"column":56}}],"line":377},"35":{"loc":{"start":{"line":385,"column":4},"end":{"line":394,"column":5}},"type":"if","locations":[{"start":{"line":385,"column":4},"end":{"line":394,"column":5}},{"start":{},"end":{}}],"line":385},"36":{"loc":{"start":{"line":385,"column":8},"end":{"line":385,"column":53}},"type":"binary-expr","locations":[{"start":{"line":385,"column":8},"end":{"line":385,"column":41}},{"start":{"line":385,"column":45},"end":{"line":385,"column":53}}],"line":385},"37":{"loc":{"start":{"line":387,"column":6},"end":{"line":392,"column":7}},"type":"if","locations":[{"start":{"line":387,"column":6},"end":{"line":392,"column":7}},{"start":{},"end":{}}],"line":387},"38":{"loc":{"start":{"line":426,"column":4},"end":{"line":434,"column":5}},"type":"if","locations":[{"start":{"line":426,"column":4},"end":{"line":434,"column":5}},{"start":{},"end":{}}],"line":426},"39":{"loc":{"start":{"line":427,"column":6},"end":{"line":428,"column":42}},"type":"binary-expr","locations":[{"start":{"line":427,"column":6},"end":{"line":427,"column":39}},{"start":{"line":428,"column":6},"end":{"line":428,"column":42}}],"line":427},"40":{"loc":{"start":{"line":438,"column":4},"end":{"line":443,"column":5}},"type":"if","locations":[{"start":{"line":438,"column":4},"end":{"line":443,"column":5}},{"start":{},"end":{}}],"line":438},"41":{"loc":{"start":{"line":446,"column":4},"end":{"line":454,"column":5}},"type":"if","locations":[{"start":{"line":446,"column":4},"end":{"line":454,"column":5}},{"start":{},"end":{}}],"line":446},"42":{"loc":{"start":{"line":447,"column":6},"end":{"line":448,"column":40}},"type":"binary-expr","locations":[{"start":{"line":447,"column":6},"end":{"line":447,"column":42}},{"start":{"line":448,"column":6},"end":{"line":448,"column":40}}],"line":447},"43":{"loc":{"start":{"line":455,"column":4},"end":{"line":465,"column":5}},"type":"if","locations":[{"start":{"line":455,"column":4},"end":{"line":465,"column":5}},{"start":{},"end":{}}],"line":455},"44":{"loc":{"start":{"line":456,"column":6},"end":{"line":457,"column":42}},"type":"binary-expr","locations":[{"start":{"line":456,"column":6},"end":{"line":456,"column":39}},{"start":{"line":457,"column":6},"end":{"line":457,"column":42}}],"line":456},"45":{"loc":{"start":{"line":480,"column":4},"end":{"line":485,"column":5}},"type":"if","locations":[{"start":{"line":480,"column":4},"end":{"line":485,"column":5}},{"start":{},"end":{}}],"line":480},"46":{"loc":{"start":{"line":489,"column":4},"end":{"line":494,"column":5}},"type":"if","locations":[{"start":{"line":489,"column":4},"end":{"line":494,"column":5}},{"start":{},"end":{}}],"line":489},"47":{"loc":{"start":{"line":519,"column":6},"end":{"line":519,"column":80}},"type":"binary-expr","locations":[{"start":{"line":519,"column":6},"end":{"line":519,"column":28}},{"start":{"line":519,"column":32},"end":{"line":519,"column":80}}],"line":519},"48":{"loc":{"start":{"line":570,"column":4},"end":{"line":598,"column":5}},"type":"if","locations":[{"start":{"line":570,"column":4},"end":{"line":598,"column":5}},{"start":{},"end":{}}],"line":570},"49":{"loc":{"start":{"line":572,"column":6},"end":{"line":578,"column":7}},"type":"if","locations":[{"start":{"line":572,"column":6},"end":{"line":578,"column":7}},{"start":{},"end":{}}],"line":572},"50":{"loc":{"start":{"line":581,"column":6},"end":{"line":587,"column":7}},"type":"if","locations":[{"start":{"line":581,"column":6},"end":{"line":587,"column":7}},{"start":{},"end":{}}],"line":581},"51":{"loc":{"start":{"line":601,"column":4},"end":{"line":607,"column":5}},"type":"if","locations":[{"start":{"line":601,"column":4},"end":{"line":607,"column":5}},{"start":{},"end":{}}],"line":601},"52":{"loc":{"start":{"line":636,"column":4},"end":{"line":640,"column":5}},"type":"if","locations":[{"start":{"line":636,"column":4},"end":{"line":640,"column":5}},{"start":{},"end":{}}],"line":636},"53":{"loc":{"start":{"line":655,"column":4},"end":{"line":659,"column":5}},"type":"if","locations":[{"start":{"line":655,"column":4},"end":{"line":659,"column":5}},{"start":{},"end":{}}],"line":655},"54":{"loc":{"start":{"line":679,"column":4},"end":{"line":685,"column":5}},"type":"if","locations":[{"start":{"line":679,"column":4},"end":{"line":685,"column":5}},{"start":{},"end":{}}],"line":679},"55":{"loc":{"start":{"line":679,"column":8},"end":{"line":679,"column":36}},"type":"binary-expr","locations":[{"start":{"line":679,"column":8},"end":{"line":679,"column":14}},{"start":{"line":679,"column":18},"end":{"line":679,"column":36}}],"line":679}},"s":{"0":2,"1":2,"2":2,"3":2,"4":2,"5":2,"6":2,"7":2,"8":0,"9":0,"10":0,"11":0,"12":0,"13":0,"14":2,"15":0,"16":0,"17":0,"18":0,"19":0,"20":0,"21":0,"22":0,"23":0,"24":0,"25":0,"26":0,"27":0,"28":0,"29":0,"30":0,"31":0,"32":0,"33":2,"34":0,"35":0,"36":0,"37":0,"38":0,"39":0,"40":0,"41":2,"42":0,"43":0,"44":0,"45":0,"46":0,"47":0,"48":0,"49":0,"50":0,"51":0,"52":0,"53":0,"54":0,"55":0,"56":0,"57":0,"58":2,"59":0,"60":0,"61":0,"62":0,"63":0,"64":0,"65":0,"66":0,"67":0,"68":0,"69":0,"70":0,"71":0,"72":0,"73":0,"74":0,"75":0,"76":0,"77":0,"78":0,"79":2,"80":0,"81":0,"82":0,"83":0,"84":0,"85":0,"86":2,"87":0,"88":0,"89":0,"90":0,"91":0,"92":0,"93":2,"94":0,"95":0,"96":0,"97":0,"98":0,"99":0,"100":2,"101":0,"102":0,"103":0,"104":0,"105":0,"106":0,"107":0,"108":0,"109":0,"110":0,"111":0,"112":0,"113":0,"114":0,"115":0,"116":0,"117":0,"118":0,"119":0,"120":0,"121":0,"122":0,"123":0,"124":0,"125":0,"126":0,"127":0,"128":0,"129":0,"130":0,"131":0,"132":0,"133":0,"134":0,"135":0,"136":0,"137":0,"138":0,"139":0,"140":2,"141":0,"142":0,"143":0,"144":0,"145":0,"146":0,"147":0,"148":0,"149":0,"150":0,"151":0,"152":0,"153":0,"154":0,"155":2,"156":0,"157":0,"158":0,"159":0,"160":0,"161":0,"162":0,"163":0,"164":0,"165":0,"166":0,"167":0,"168":0,"169":0,"170":0,"171":2,"172":0,"173":0,"174":0,"175":0,"176":0,"177":0,"178":0,"179":2,"180":0,"181":0,"182":0,"183":0,"184":0,"185":0,"186":0,"187":0,"188":0,"189":0,"190":0,"191":0,"192":0,"193":0,"194":0,"195":0,"196":0,"197":0,"198":0,"199":2,"200":0,"201":0,"202":0,"203":0,"204":0,"205":0,"206":0,"207":0,"208":2,"209":0,"210":0,"211":0,"212":0,"213":0,"214":0,"215":0,"216":2,"217":0,"218":0,"219":0,"220":0,"221":0,"222":0,"223":0,"224":0,"225":2},"f":{"0":0,"1":0,"2":0,"3":0,"4":0,"5":0,"6":0,"7":0,"8":0,"9":0,"10":0,"11":0,"12":0,"13":0,"14":0,"15":0,"16":0,"17":0,"18":0,"19":0,"20":0,"21":0},"b":{"0":[0,0],"1":[0,0],"2":[0,0],"3":[0,0],"4":[0,0],"5":[0,0],"6":[0,0],"7":[0,0],"8":[0,0,0,0],"9":[0,0],"10":[0,0],"11":[0,0],"12":[0,0,0],"13":[0,0],"14":[0,0],"15":[0,0],"16":[0,0],"17":[0,0],"18":[0,0],"19":[0,0],"20":[0,0],"21":[0,0],"22":[0,0],"23":[0,0],"24":[0,0],"25":[0,0],"26":[0,0],"27":[0,0],"28":[0,0],"29":[0,0],"30":[0,0],"31":[0,0],"32":[0,0],"33":[0,0],"34":[0,0],"35":[0,0],"36":[0,0],"37":[0,0],"38":[0,0],"39":[0,0],"40":[0,0],"41":[0,0],"42":[0,0],"43":[0,0],"44":[0,0],"45":[0,0],"46":[0,0],"47":[0,0],"48":[0,0],"49":[0,0],"50":[0,0],"51":[0,0],"52":[0,0],"53":[0,0],"54":[0,0],"55":[0,0]},"_coverageSchema":"1a1c01bbd47fc00a2c39e90264f33305004495a9","hash":"a89f959fd281e7e012214f43fc7a7f6d558ee786"}
,"/app/src/middlewares/authMiddleware.js": {"path":"/app/src/middlewares/authMiddleware.js","statementMap":{"0":{"start":{"line":1,"column":12},"end":{"line":1,"column":35}},"1":{"start":{"line":2,"column":13},"end":{"line":2,"column":44}},"2":{"start":{"line":4,"column":23},"end":{"line":34,"column":1}},"3":{"start":{"line":5,"column":2},"end":{"line":33,"column":3}},"4":{"start":{"line":6,"column":18},"end":{"line":6,"column":58}},"5":{"start":{"line":7,"column":4},"end":{"line":9,"column":5}},"6":{"start":{"line":8,"column":6},"end":{"line":8,"column":84}},"7":{"start":{"line":11,"column":20},"end":{"line":11,"column":61}},"8":{"start":{"line":12,"column":4},"end":{"line":12,"column":62}},"9":{"start":{"line":13,"column":4},"end":{"line":13,"column":46}},"10":{"start":{"line":15,"column":21},"end":{"line":15,"column":53}},"11":{"start":{"line":16,"column":4},"end":{"line":16,"column":57}},"12":{"start":{"line":18,"column":17},"end":{"line":18,"column":72}},"13":{"start":{"line":19,"column":4},"end":{"line":19,"column":49}},"14":{"start":{"line":21,"column":4},"end":{"line":23,"column":5}},"15":{"start":{"line":22,"column":6},"end":{"line":22,"column":81}},"16":{"start":{"line":25,"column":4},"end":{"line":25,"column":20}},"17":{"start":{"line":26,"column":4},"end":{"line":26,"column":11}},"18":{"start":{"line":28,"column":4},"end":{"line":32,"column":7}},"19":{"start":{"line":36,"column":0},"end":{"line":36,"column":36}}},"fnMap":{"0":{"name":"(anonymous_0)","decl":{"start":{"line":4,"column":23},"end":{"line":4,"column":24}},"loc":{"start":{"line":4,"column":49},"end":{"line":34,"column":1}},"line":4}},"branchMap":{"0":{"loc":{"start":{"line":7,"column":4},"end":{"line":9,"column":5}},"type":"if","locations":[{"start":{"line":7,"column":4},"end":{"line":9,"column":5}},{"start":{},"end":{}}],"line":7},"1":{"loc":{"start":{"line":21,"column":4},"end":{"line":23,"column":5}},"type":"if","locations":[{"start":{"line":21,"column":4},"end":{"line":23,"column":5}},{"start":{},"end":{}}],"line":21}},"s":{"0":2,"1":2,"2":2,"3":3,"4":3,"5":3,"6":0,"7":3,"8":3,"9":3,"10":3,"11":3,"12":3,"13":3,"14":3,"15":0,"16":3,"17":3,"18":0,"19":2},"f":{"0":3},"b":{"0":[0,3],"1":[0,3]},"_coverageSchema":"1a1c01bbd47fc00a2c39e90264f33305004495a9","hash":"889704a14e4cfcfc6c668c8940cf24272107415c"}
,"/app/src/middlewares/userTypeMiddleware.js": {"path":"/app/src/middlewares/userTypeMiddleware.js","statementMap":{"0":{"start":{"line":2,"column":27},"end":{"line":12,"column":1}},"1":{"start":{"line":3,"column":4},"end":{"line":11,"column":6}},"2":{"start":{"line":4,"column":8},"end":{"line":9,"column":9}},"3":{"start":{"line":5,"column":12},"end":{"line":8,"column":15}},"4":{"start":{"line":10,"column":8},"end":{"line":10,"column":15}},"5":{"start":{"line":14,"column":0},"end":{"line":14,"column":40}}},"fnMap":{"0":{"name":"(anonymous_0)","decl":{"start":{"line":2,"column":27},"end":{"line":2,"column":28}},"loc":{"start":{"line":2,"column":52},"end":{"line":12,"column":1}},"line":2},"1":{"name":"(anonymous_1)","decl":{"start":{"line":3,"column":11},"end":{"line":3,"column":12}},"loc":{"start":{"line":3,"column":31},"end":{"line":11,"column":5}},"line":3}},"branchMap":{"0":{"loc":{"start":{"line":4,"column":8},"end":{"line":9,"column":9}},"type":"if","locations":[{"start":{"line":4,"column":8},"end":{"line":9,"column":9}},{"start":{},"end":{}}],"line":4},"1":{"loc":{"start":{"line":4,"column":12},"end":{"line":4,"column":70}},"type":"binary-expr","locations":[{"start":{"line":4,"column":12},"end":{"line":4,"column":21}},{"start":{"line":4,"column":25},"end":{"line":4,"column":70}}],"line":4}},"s":{"0":2,"1":16,"2":3,"3":0,"4":3,"5":2},"f":{"0":16,"1":3},"b":{"0":[0,3],"1":[3,3]},"_coverageSchema":"1a1c01bbd47fc00a2c39e90264f33305004495a9","hash":"825093070c6b04885de71fc86fafd9094b731b99"}
,"/app/src/models/gainsModel.js": {"path":"/app/src/models/gainsModel.js","statementMap":{"0":{"start":{"line":1,"column":17},"end":{"line":1,"column":36}},"1":{"start":{"line":4,"column":19},"end":{"line":26,"column":1}},"2":{"start":{"line":29,"column":13},"end":{"line":29,"column":47}},"3":{"start":{"line":31,"column":0},"end":{"line":31,"column":22}}},"fnMap":{},"branchMap":{},"s":{"0":2,"1":2,"2":2,"3":2},"f":{},"b":{},"_coverageSchema":"1a1c01bbd47fc00a2c39e90264f33305004495a9","hash":"d93efdb201403c4d9455fd689317cdf70dfabcde"}
,"/app/src/models/usersModel.js": {"path":"/app/src/models/usersModel.js","statementMap":{"0":{"start":{"line":1,"column":17},"end":{"line":1,"column":36}},"1":{"start":{"line":3,"column":19},"end":{"line":72,"column":24}},"2":{"start":{"line":18,"column":16},"end":{"line":18,"column":69}},"3":{"start":{"line":20,"column":30},"end":{"line":20,"column":76}},"4":{"start":{"line":42,"column":16},"end":{"line":42,"column":75}},"5":{"start":{"line":44,"column":27},"end":{"line":44,"column":126}},"6":{"start":{"line":74,"column":13},"end":{"line":74,"column":47}},"7":{"start":{"line":76,"column":0},"end":{"line":76,"column":22}}},"fnMap":{"0":{"name":"(anonymous_0)","decl":{"start":{"line":16,"column":23},"end":{"line":16,"column":24}},"loc":{"start":{"line":16,"column":40},"end":{"line":19,"column":13}},"line":16},"1":{"name":"(anonymous_1)","decl":{"start":{"line":20,"column":21},"end":{"line":20,"column":22}},"loc":{"start":{"line":20,"column":30},"end":{"line":20,"column":76}},"line":20},"2":{"name":"(anonymous_2)","decl":{"start":{"line":38,"column":23},"end":{"line":38,"column":24}},"loc":{"start":{"line":38,"column":39},"end":{"line":43,"column":13}},"line":38},"3":{"name":"(anonymous_3)","decl":{"start":{"line":44,"column":21},"end":{"line":44,"column":22}},"loc":{"start":{"line":44,"column":27},"end":{"line":44,"column":126}},"line":44}},"branchMap":{},"s":{"0":2,"1":2,"2":3,"3":0,"4":3,"5":0,"6":2,"7":2},"f":{"0":3,"1":0,"2":3,"3":0},"b":{},"_coverageSchema":"1a1c01bbd47fc00a2c39e90264f33305004495a9","hash":"77bc70c37b065140bcfe6c2934cc6b6a78589f76"}
,"/app/src/models/winningTicket.js": {"path":"/app/src/models/winningTicket.js","statementMap":{"0":{"start":{"line":1,"column":17},"end":{"line":1,"column":36}},"1":{"start":{"line":3,"column":28},"end":{"line":11,"column":1}},"2":{"start":{"line":14,"column":0},"end":{"line":14,"column":70}}},"fnMap":{},"branchMap":{},"s":{"0":2,"1":2,"2":2},"f":{},"b":{},"_coverageSchema":"1a1c01bbd47fc00a2c39e90264f33305004495a9","hash":"b135c74c2d8cad5280111372ed7977be02aeb8b6"}
,"/app/src/routes/authRoute.js": {"path":"/app/src/routes/authRoute.js","statementMap":{"0":{"start":{"line":1,"column":16},"end":{"line":1,"column":34}},"1":{"start":{"line":2,"column":15},"end":{"line":2,"column":31}},"2":{"start":{"line":3,"column":27},"end":{"line":3,"column":67}},"3":{"start":{"line":4,"column":73},"end":{"line":4,"column":113}},"4":{"start":{"line":8,"column":0},"end":{"line":8,"column":49}},"5":{"start":{"line":11,"column":0},"end":{"line":11,"column":43}},"6":{"start":{"line":14,"column":0},"end":{"line":14,"column":57}},"7":{"start":{"line":16,"column":0},"end":{"line":16,"column":24}}},"fnMap":{},"branchMap":{},"s":{"0":2,"1":2,"2":2,"3":2,"4":2,"5":2,"6":2,"7":2},"f":{},"b":{},"_coverageSchema":"1a1c01bbd47fc00a2c39e90264f33305004495a9","hash":"dd78b4d52938a56ef69ce72979857db46e0b3f90"}
,"/app/src/routes/contactRoute.js": {"path":"/app/src/routes/contactRoute.js","statementMap":{"0":{"start":{"line":3,"column":16},"end":{"line":3,"column":34}},"1":{"start":{"line":4,"column":15},"end":{"line":4,"column":31}},"2":{"start":{"line":7,"column":29},"end":{"line":7,"column":72}},"3":{"start":{"line":10,"column":0},"end":{"line":10,"column":35}},"4":{"start":{"line":12,"column":0},"end":{"line":12,"column":24}}},"fnMap":{},"branchMap":{},"s":{"0":2,"1":2,"2":2,"3":2,"4":2},"f":{},"b":{},"_coverageSchema":"1a1c01bbd47fc00a2c39e90264f33305004495a9","hash":"53222c68f0de866eb0c8f617d6bb5fe04aaaf070"}
,"/app/src/routes/gameRoute.js": {"path":"/app/src/routes/gameRoute.js","statementMap":{"0":{"start":{"line":1,"column":16},"end":{"line":1,"column":34}},"1":{"start":{"line":2,"column":15},"end":{"line":2,"column":31}},"2":{"start":{"line":3,"column":27},"end":{"line":3,"column":67}},"3":{"start":{"line":4,"column":31},"end":{"line":4,"column":75}},"4":{"start":{"line":5,"column":56},"end":{"line":5,"column":96}},"5":{"start":{"line":9,"column":0},"end":{"line":9,"column":88}},"6":{"start":{"line":12,"column":0},"end":{"line":12,"column":92}},"7":{"start":{"line":16,"column":0},"end":{"line":16,"column":24}}},"fnMap":{},"branchMap":{},"s":{"0":2,"1":2,"2":2,"3":2,"4":2,"5":2,"6":2,"7":2},"f":{},"b":{},"_coverageSchema":"1a1c01bbd47fc00a2c39e90264f33305004495a9","hash":"2cd8a94e4f5d7a766716d4ae053b6ada41d513f8"}
,"/app/src/routes/userRoute.js": {"path":"/app/src/routes/userRoute.js","statementMap":{"0":{"start":{"line":1,"column":16},"end":{"line":1,"column":34}},"1":{"start":{"line":2,"column":15},"end":{"line":2,"column":31}},"2":{"start":{"line":20,"column":4},"end":{"line":20,"column":44}},"3":{"start":{"line":21,"column":27},"end":{"line":21,"column":67}},"4":{"start":{"line":22,"column":31},"end":{"line":22,"column":75}},"5":{"start":{"line":24,"column":0},"end":{"line":24,"column":69}},"6":{"start":{"line":27,"column":0},"end":{"line":27,"column":70}},"7":{"start":{"line":30,"column":0},"end":{"line":30,"column":71}},"8":{"start":{"line":41,"column":0},"end":{"line":41,"column":72}},"9":{"start":{"line":44,"column":0},"end":{"line":49,"column":2}},"10":{"start":{"line":50,"column":0},"end":{"line":55,"column":2}},"11":{"start":{"line":56,"column":0},"end":{"line":61,"column":2}},"12":{"start":{"line":64,"column":0},"end":{"line":69,"column":2}},"13":{"start":{"line":72,"column":0},"end":{"line":77,"column":2}},"14":{"start":{"line":80,"column":0},"end":{"line":85,"column":2}},"15":{"start":{"line":87,"column":0},"end":{"line":87,"column":57}},"16":{"start":{"line":90,"column":0},"end":{"line":90,"column":62}},"17":{"start":{"line":92,"column":0},"end":{"line":92,"column":56}},"18":{"start":{"line":93,"column":0},"end":{"line":93,"column":58}},"19":{"start":{"line":95,"column":0},"end":{"line":95,"column":24}}},"fnMap":{},"branchMap":{},"s":{"0":2,"1":2,"2":2,"3":2,"4":2,"5":2,"6":2,"7":2,"8":2,"9":2,"10":2,"11":2,"12":2,"13":2,"14":2,"15":2,"16":2,"17":2,"18":2,"19":2},"f":{},"b":{},"_coverageSchema":"1a1c01bbd47fc00a2c39e90264f33305004495a9","hash":"54349df9ebcc690bd743ab63c2e5d8408cbd698d"}
}
